[ 2016-07-11T10:22:31+08:00 ] 127.0.0.1 /wgqproject/index.php/Backend/Product/temp/brand/dongpeng.jpeg
ERR: 非法操作:temp

[ 2016-07-11T10:23:01+08:00 ] 127.0.0.1 /wgqproject/index.php/Backend/Info/getSon.html?id=2
INFO: [ app_begin ] --START--
INFO: Run Behavior\ReadHtmlCacheBehavior [ RunTime:0.000666s ]
INFO: [ app_begin ] --END-- [ RunTime:0.001276s ]
SQL: SHOW COLUMNS FROM `tp_cate` [ RunTime:0.0038s ]
SQL: SELECT * FROM `tp_cate` WHERE `pid` = 2  [ RunTime:0.0004s ]
INFO: [ app_end ] --START--
INFO: Run Behavior\ShowPageTraceBehavior [ RunTime:0.001077s ]
INFO: [ app_end ] --END-- [ RunTime:0.001178s ]

[ 2016-07-11T10:23:04+08:00 ] 127.0.0.1 /wgqproject/index.php/Backend/Info/getSon.html?id=4
INFO: [ app_begin ] --START--
INFO: Run Behavior\ReadHtmlCacheBehavior [ RunTime:0.000821s ]
INFO: [ app_begin ] --END-- [ RunTime:0.001389s ]
SQL: SHOW COLUMNS FROM `tp_cate` [ RunTime:0.0035s ]
SQL: SELECT * FROM `tp_cate` WHERE `pid` = 4  [ RunTime:0.0006s ]
INFO: [ app_end ] --START--
INFO: Run Behavior\ShowPageTraceBehavior [ RunTime:0.000805s ]
INFO: [ app_end ] --END-- [ RunTime:0.000877s ]

[ 2016-07-11T10:49:58+08:00 ] 127.0.0.1 /wgqproject/index.php/Backend/Info/getSon.html?id=1
INFO: [ app_begin ] --START--
INFO: Run Behavior\ReadHtmlCacheBehavior [ RunTime:0.000631s ]
INFO: [ app_begin ] --END-- [ RunTime:0.001187s ]
SQL: SHOW COLUMNS FROM `tp_cate` [ RunTime:0.0056s ]
SQL: SELECT * FROM `tp_cate` WHERE `pid` = 1  [ RunTime:0.0006s ]
INFO: [ app_end ] --START--
INFO: Run Behavior\ShowPageTraceBehavior [ RunTime:0.000856s ]
INFO: [ app_end ] --END-- [ RunTime:0.000944s ]

[ 2016-07-11T10:56:58+08:00 ] 127.0.0.1 /wgqproject/index.php/Backend/Info/addOK
ERR: 1364:Field 'id' doesn't have a default value
 [ SQL语句 ] : INSERT INTO `tp_article` (`title`,`short`,`a_cate`,`keyword`,`source`,`author`) VALUES ('我是你大爷','哈哈哈','12','大爷，','中国','0')

[ 2016-07-11T10:57:41+08:00 ] 127.0.0.1 /wgqproject/index.php/Backend/Info/addOK
ERR: 1364:Field 'update_time' doesn't have a default value
 [ SQL语句 ] : INSERT INTO `tp_article` (`title`,`short`,`a_cate`,`keyword`,`source`,`author`) VALUES ('我是你大爷','哈哈哈','12','大爷，','中国','0')

[ 2016-07-11T10:58:21+08:00 ] 127.0.0.1 /wgqproject/index.php/Backend/Info/addOK
ERR: 1364:Field 'status' doesn't have a default value
 [ SQL语句 ] : INSERT INTO `tp_article` (`title`,`short`,`a_cate`,`keyword`,`source`,`author`,`update_time`) VALUES ('我是你大爷','哈哈哈','12','大爷，','中国','0','1468205901')

[ 2016-07-11T10:59:00+08:00 ] 127.0.0.1 /wgqproject/index.php/Backend/Info/addOK
ERR: 1364:Field 'picturePath' doesn't have a default value
 [ SQL语句 ] : INSERT INTO `tp_article` (`title`,`short`,`a_cate`,`keyword`,`source`,`author`,`update_time`) VALUES ('我是你大爷','哈哈哈','12','大爷，','中国','0','1468205940')

[ 2016-07-11T11:00:25+08:00 ] 127.0.0.1 /wgqproject/index.php/Backend/Info/addOK
ERR: 1364:Field 'picturePath' doesn't have a default value
 [ SQL语句 ] : INSERT INTO `tp_article` (`title`,`short`,`a_cate`,`keyword`,`source`,`author`,`update_time`) VALUES ('我是你大爷','哈哈哈','12','大爷，','中国','0','1468206025')

[ 2016-07-11T11:05:11+08:00 ] 127.0.0.1 /wgqproject/index.php/Backend/Info/getSon.html?id=3
INFO: [ app_begin ] --START--
INFO: Run Behavior\ReadHtmlCacheBehavior [ RunTime:0.000625s ]
INFO: [ app_begin ] --END-- [ RunTime:0.001154s ]
SQL: SHOW COLUMNS FROM `tp_cate` [ RunTime:0.0034s ]
SQL: SELECT * FROM `tp_cate` WHERE `pid` = 3  [ RunTime:0.0006s ]
INFO: [ app_end ] --START--
INFO: Run Behavior\ShowPageTraceBehavior [ RunTime:0.000896s ]
INFO: [ app_end ] --END-- [ RunTime:0.000994s ]

[ 2016-07-11T11:13:42+08:00 ] 127.0.0.1 /wgqproject/index.php/Backend/Info/getSon.html?id=1
INFO: [ app_begin ] --START--
INFO: Run Behavior\ReadHtmlCacheBehavior [ RunTime:0.000633s ]
INFO: [ app_begin ] --END-- [ RunTime:0.001120s ]
SQL: SHOW COLUMNS FROM `tp_cate` [ RunTime:0.0031s ]
SQL: SELECT * FROM `tp_cate` WHERE `pid` = 1  [ RunTime:0.0002s ]
INFO: [ app_end ] --START--
INFO: Run Behavior\ShowPageTraceBehavior [ RunTime:0.000910s ]
INFO: [ app_end ] --END-- [ RunTime:0.001000s ]

[ 2016-07-11T11:21:07+08:00 ] 127.0.0.1 /wgqproject/index.php/Backend/Info/getSon.html?id=1
INFO: [ app_begin ] --START--
INFO: Run Behavior\ReadHtmlCacheBehavior [ RunTime:0.000744s ]
INFO: [ app_begin ] --END-- [ RunTime:0.001270s ]
SQL: SHOW COLUMNS FROM `tp_cate` [ RunTime:0.0038s ]
SQL: SELECT * FROM `tp_cate` WHERE `pid` = 1  [ RunTime:0.0002s ]
INFO: [ app_end ] --START--
INFO: Run Behavior\ShowPageTraceBehavior [ RunTime:0.001379s ]
INFO: [ app_end ] --END-- [ RunTime:0.001490s ]

[ 2016-07-11T11:27:55+08:00 ] 127.0.0.1 /wgqproject/index.php/Backend/Info/getSon.html?id=5
INFO: [ app_begin ] --START--
INFO: Run Behavior\ReadHtmlCacheBehavior [ RunTime:0.000814s ]
INFO: [ app_begin ] --END-- [ RunTime:0.006588s ]
SQL: SHOW COLUMNS FROM `tp_cate` [ RunTime:0.0039s ]
SQL: SELECT * FROM `tp_cate` WHERE `pid` = 5  [ RunTime:0.0005s ]
INFO: [ app_end ] --START--
INFO: Run Behavior\ShowPageTraceBehavior [ RunTime:0.001394s ]
INFO: [ app_end ] --END-- [ RunTime:0.001485s ]

[ 2016-07-11T11:27:58+08:00 ] 127.0.0.1 /wgqproject/index.php/Backend/Info/getSon.html?id=2
INFO: [ app_begin ] --START--
INFO: Run Behavior\ReadHtmlCacheBehavior [ RunTime:0.000622s ]
INFO: [ app_begin ] --END-- [ RunTime:0.001087s ]
SQL: SHOW COLUMNS FROM `tp_cate` [ RunTime:0.0034s ]
SQL: SELECT * FROM `tp_cate` WHERE `pid` = 2  [ RunTime:0.0012s ]
INFO: [ app_end ] --START--
INFO: Run Behavior\ShowPageTraceBehavior [ RunTime:0.000799s ]
INFO: [ app_end ] --END-- [ RunTime:0.000873s ]

[ 2016-07-11T11:59:44+08:00 ] 127.0.0.1 /wgqproject/index.php/Backend/Info/getSon.html?id=3
INFO: [ app_begin ] --START--
INFO: Run Behavior\ReadHtmlCacheBehavior [ RunTime:0.001515s ]
INFO: [ app_begin ] --END-- [ RunTime:0.002322s ]
SQL: SHOW COLUMNS FROM `tp_cate` [ RunTime:0.0077s ]
SQL: SELECT * FROM `tp_cate` WHERE `pid` = 3  [ RunTime:0.0013s ]
INFO: [ app_end ] --START--
INFO: Run Behavior\ShowPageTraceBehavior [ RunTime:0.001497s ]
INFO: [ app_end ] --END-- [ RunTime:0.001605s ]

[ 2016-07-11T12:51:11+08:00 ] 127.0.0.1 /wgqproject/index.php/Backend/Info/getSon.html?id=15
INFO: [ app_begin ] --START--
INFO: Run Behavior\ReadHtmlCacheBehavior [ RunTime:0.001171s ]
INFO: [ app_begin ] --END-- [ RunTime:0.001824s ]
SQL: SHOW COLUMNS FROM `tp_cate` [ RunTime:0.0034s ]
SQL: SELECT * FROM `tp_cate` WHERE `pid` = 15  [ RunTime:0.0018s ]
INFO: [ app_end ] --START--
INFO: Run Behavior\ShowPageTraceBehavior [ RunTime:0.001539s ]
INFO: [ app_end ] --END-- [ RunTime:0.001626s ]

[ 2016-07-11T12:51:50+08:00 ] 127.0.0.1 /wgqproject/index.php/Backend/Info/getSon.html?id=6
INFO: [ app_begin ] --START--
INFO: Run Behavior\ReadHtmlCacheBehavior [ RunTime:0.000953s ]
INFO: [ app_begin ] --END-- [ RunTime:0.001543s ]
SQL: SHOW COLUMNS FROM `tp_cate` [ RunTime:0.0040s ]
SQL: SELECT * FROM `tp_cate` WHERE `pid` = 6  [ RunTime:0.0004s ]
INFO: [ app_end ] --START--
INFO: Run Behavior\ShowPageTraceBehavior [ RunTime:0.001087s ]
INFO: [ app_end ] --END-- [ RunTime:0.001165s ]

[ 2016-07-11T12:51:52+08:00 ] 127.0.0.1 /wgqproject/index.php/Backend/Info/getSon.html?id=15
INFO: [ app_begin ] --START--
INFO: Run Behavior\ReadHtmlCacheBehavior [ RunTime:0.001312s ]
INFO: [ app_begin ] --END-- [ RunTime:0.002065s ]
SQL: SHOW COLUMNS FROM `tp_cate` [ RunTime:0.0031s ]
SQL: SELECT * FROM `tp_cate` WHERE `pid` = 15  [ RunTime:0.0003s ]
INFO: [ app_end ] --START--
INFO: Run Behavior\ShowPageTraceBehavior [ RunTime:0.001424s ]
INFO: [ app_end ] --END-- [ RunTime:0.001571s ]

[ 2016-07-11T12:54:11+08:00 ] 127.0.0.1 /wgqproject/index.php/Backend/Info/getSon.html?id=3
INFO: [ app_begin ] --START--
INFO: Run Behavior\ReadHtmlCacheBehavior [ RunTime:0.000998s ]
INFO: [ app_begin ] --END-- [ RunTime:0.001778s ]
SQL: SHOW COLUMNS FROM `tp_cate` [ RunTime:0.0036s ]
SQL: SELECT * FROM `tp_cate` WHERE `pid` = 3  [ RunTime:0.0005s ]
INFO: [ app_end ] --START--
INFO: Run Behavior\ShowPageTraceBehavior [ RunTime:0.000765s ]
INFO: [ app_end ] --END-- [ RunTime:0.000835s ]

[ 2016-07-11T13:03:40+08:00 ] 127.0.0.1 /wgqproject/index.php/Backend/Info/article_list
ERR: Think\Controller:select方法不存在！

[ 2016-07-11T13:16:06+08:00 ] 127.0.0.1 /wgqproject/index.php/Backend/Info/article-zhang.html
ERR: 非法操作:article-zhang

[ 2016-07-11T13:28:10+08:00 ] 127.0.0.1 /wgqproject/index.php/Backend/Public/search.html?name=admin
INFO: [ app_begin ] --START--
INFO: Run Behavior\ReadHtmlCacheBehavior [ RunTime:0.000647s ]
INFO: [ app_begin ] --END-- [ RunTime:0.001132s ]
SQL: SHOW COLUMNS FROM `tp_user` [ RunTime:0.0036s ]
SQL: SELECT * FROM `tp_user` WHERE `username` = 'admin' LIMIT 1   [ RunTime:0.0006s ]
INFO: [ app_end ] --START--
INFO: Run Behavior\ShowPageTraceBehavior [ RunTime:0.000807s ]
INFO: [ app_end ] --END-- [ RunTime:0.000882s ]

[ 2016-07-11T13:46:23+08:00 ] 127.0.0.1 /wgqproject/index.php/Backend/Info/article_list
ERR: 1146:Table 'db_se.t1' doesn't exist
 [ SQL语句 ] : SHOW COLUMNS FROM `t1`

[ 2016-07-11T13:49:09+08:00 ] 127.0.0.1 /wgqproject/index.php/Backend/Info/article_list
ERR: 1103:Incorrect table name ''
 [ SQL语句 ] : SHOW COLUMNS FROM ``

[ 2016-07-11T14:29:45+08:00 ] 127.0.0.1 /wgqproject/index.php/Backend/Info/delAll/ids/18,17,16
ERR: 非法操作:delAll

[ 2016-07-11T15:38:29+08:00 ] 127.0.0.1 /wgqproject/index.php/Backend/Info/sout.html
INFO: [ app_begin ] --START--
INFO: Run Behavior\ReadHtmlCacheBehavior [ RunTime:0.000601s ]
INFO: [ app_begin ] --END-- [ RunTime:0.001088s ]
ERR: 非法操作:sout

[ 2016-07-11T15:38:30+08:00 ] 127.0.0.1 /wgqproject/index.php/Backend/Info/sout.html
INFO: [ app_begin ] --START--
INFO: Run Behavior\ReadHtmlCacheBehavior [ RunTime:0.000705s ]
INFO: [ app_begin ] --END-- [ RunTime:0.001525s ]
ERR: 非法操作:sout

[ 2016-07-11T15:38:31+08:00 ] 127.0.0.1 /wgqproject/index.php/Backend/Info/sout.html
INFO: [ app_begin ] --START--
INFO: Run Behavior\ReadHtmlCacheBehavior [ RunTime:0.000953s ]
INFO: [ app_begin ] --END-- [ RunTime:0.001542s ]
ERR: 非法操作:sout

[ 2016-07-11T15:40:32+08:00 ] 127.0.0.1 /wgqproject/index.php/Backend/Public/search.html
INFO: [ app_begin ] --START--
INFO: Run Behavior\ReadHtmlCacheBehavior [ RunTime:0.000886s ]
INFO: [ app_begin ] --END-- [ RunTime:0.001514s ]
SQL: SHOW COLUMNS FROM `tp_user` [ RunTime:0.0085s ]
SQL: SELECT * FROM `tp_user` WHERE `username` = '' LIMIT 1   [ RunTime:0.0005s ]
INFO: [ app_end ] --START--
INFO: Run Behavior\ShowPageTraceBehavior [ RunTime:0.000818s ]
INFO: [ app_end ] --END-- [ RunTime:0.000889s ]

[ 2016-07-11T15:40:33+08:00 ] 127.0.0.1 /wgqproject/index.php/Backend/Public/search.html
INFO: [ app_begin ] --START--
INFO: Run Behavior\ReadHtmlCacheBehavior [ RunTime:0.000641s ]
INFO: [ app_begin ] --END-- [ RunTime:0.001148s ]
SQL: SHOW COLUMNS FROM `tp_user` [ RunTime:0.0036s ]
SQL: SELECT * FROM `tp_user` WHERE `username` = '' LIMIT 1   [ RunTime:0.0003s ]
INFO: [ app_end ] --START--
INFO: Run Behavior\ShowPageTraceBehavior [ RunTime:0.000836s ]
INFO: [ app_end ] --END-- [ RunTime:0.000906s ]

[ 2016-07-11T15:41:27+08:00 ] 127.0.0.1 /wgqproject/index.php/Backend/Public/search.html
INFO: [ app_begin ] --START--
INFO: Run Behavior\ReadHtmlCacheBehavior [ RunTime:0.000650s ]
INFO: [ app_begin ] --END-- [ RunTime:0.001239s ]
SQL: SHOW COLUMNS FROM `tp_user` [ RunTime:0.0034s ]
SQL: SELECT * FROM `tp_user` WHERE `username` = '' LIMIT 1   [ RunTime:0.0002s ]
INFO: [ app_end ] --START--
INFO: Run Behavior\ShowPageTraceBehavior [ RunTime:0.000772s ]
INFO: [ app_end ] --END-- [ RunTime:0.000849s ]

[ 2016-07-11T15:42:33+08:00 ] 127.0.0.1 /wgqproject/index.php/Backend/Info/sout.html
INFO: [ app_begin ] --START--
INFO: Run Behavior\ReadHtmlCacheBehavior [ RunTime:0.000634s ]
INFO: [ app_begin ] --END-- [ RunTime:0.001309s ]
ERR: 非法操作:sout

[ 2016-07-11T15:42:34+08:00 ] 127.0.0.1 /wgqproject/index.php/Backend/Info/sout.html
INFO: [ app_begin ] --START--
INFO: Run Behavior\ReadHtmlCacheBehavior [ RunTime:0.001143s ]
INFO: [ app_begin ] --END-- [ RunTime:0.001726s ]
ERR: 非法操作:sout

[ 2016-07-11T15:42:34+08:00 ] 127.0.0.1 /wgqproject/index.php/Backend/Info/sout.html
INFO: [ app_begin ] --START--
INFO: Run Behavior\ReadHtmlCacheBehavior [ RunTime:0.000765s ]
INFO: [ app_begin ] --END-- [ RunTime:0.001372s ]
ERR: 非法操作:sout

[ 2016-07-11T15:42:35+08:00 ] 127.0.0.1 /wgqproject/index.php/Backend/Info/sout.html
INFO: [ app_begin ] --START--
INFO: Run Behavior\ReadHtmlCacheBehavior [ RunTime:0.000624s ]
INFO: [ app_begin ] --END-- [ RunTime:0.001154s ]
ERR: 非法操作:sout

[ 2016-07-11T15:42:35+08:00 ] 127.0.0.1 /wgqproject/index.php/Backend/Info/sout.html
INFO: [ app_begin ] --START--
INFO: Run Behavior\ReadHtmlCacheBehavior [ RunTime:0.000754s ]
INFO: [ app_begin ] --END-- [ RunTime:0.001364s ]
ERR: 非法操作:sout

[ 2016-07-11T15:42:35+08:00 ] 127.0.0.1 /wgqproject/index.php/Backend/Info/sout.html
INFO: [ app_begin ] --START--
INFO: Run Behavior\ReadHtmlCacheBehavior [ RunTime:0.000611s ]
INFO: [ app_begin ] --END-- [ RunTime:0.001151s ]
ERR: 非法操作:sout

[ 2016-07-11T15:42:35+08:00 ] 127.0.0.1 /wgqproject/index.php/Backend/Info/sout.html
INFO: [ app_begin ] --START--
INFO: Run Behavior\ReadHtmlCacheBehavior [ RunTime:0.000823s ]
INFO: [ app_begin ] --END-- [ RunTime:0.001402s ]
ERR: 非法操作:sout

[ 2016-07-11T15:42:35+08:00 ] 127.0.0.1 /wgqproject/index.php/Backend/Info/sout.html
INFO: [ app_begin ] --START--
INFO: Run Behavior\ReadHtmlCacheBehavior [ RunTime:0.000736s ]
INFO: [ app_begin ] --END-- [ RunTime:0.001329s ]
ERR: 非法操作:sout

[ 2016-07-11T15:42:36+08:00 ] 127.0.0.1 /wgqproject/index.php/Backend/Info/sout.html
INFO: [ app_begin ] --START--
INFO: Run Behavior\ReadHtmlCacheBehavior [ RunTime:0.000590s ]
INFO: [ app_begin ] --END-- [ RunTime:0.001063s ]
ERR: 非法操作:sout

[ 2016-07-11T15:42:36+08:00 ] 127.0.0.1 /wgqproject/index.php/Backend/Info/sout.html
INFO: [ app_begin ] --START--
INFO: Run Behavior\ReadHtmlCacheBehavior [ RunTime:0.000589s ]
INFO: [ app_begin ] --END-- [ RunTime:0.001071s ]
ERR: 非法操作:sout

[ 2016-07-11T15:42:36+08:00 ] 127.0.0.1 /wgqproject/index.php/Backend/Info/sout.html
INFO: [ app_begin ] --START--
INFO: Run Behavior\ReadHtmlCacheBehavior [ RunTime:0.000608s ]
INFO: [ app_begin ] --END-- [ RunTime:0.001116s ]
ERR: 非法操作:sout

[ 2016-07-11T15:42:36+08:00 ] 127.0.0.1 /wgqproject/index.php/Backend/Info/sout.html
INFO: [ app_begin ] --START--
INFO: Run Behavior\ReadHtmlCacheBehavior [ RunTime:0.000600s ]
INFO: [ app_begin ] --END-- [ RunTime:0.001076s ]
ERR: 非法操作:sout

[ 2016-07-11T15:42:36+08:00 ] 127.0.0.1 /wgqproject/index.php/Backend/Info/sout.html
INFO: [ app_begin ] --START--
INFO: Run Behavior\ReadHtmlCacheBehavior [ RunTime:0.000631s ]
INFO: [ app_begin ] --END-- [ RunTime:0.001801s ]
ERR: 非法操作:sout

[ 2016-07-11T15:42:41+08:00 ] 127.0.0.1 /wgqproject/index.php/Backend/Info/sout.html
INFO: [ app_begin ] --START--
INFO: Run Behavior\ReadHtmlCacheBehavior [ RunTime:0.000613s ]
INFO: [ app_begin ] --END-- [ RunTime:0.001120s ]
ERR: 非法操作:sout

[ 2016-07-11T15:42:41+08:00 ] 127.0.0.1 /wgqproject/index.php/Backend/Info/sout.html
INFO: [ app_begin ] --START--
INFO: Run Behavior\ReadHtmlCacheBehavior [ RunTime:0.000884s ]
INFO: [ app_begin ] --END-- [ RunTime:0.001565s ]
ERR: 非法操作:sout

[ 2016-07-11T15:42:41+08:00 ] 127.0.0.1 /wgqproject/index.php/Backend/Info/sout.html
INFO: [ app_begin ] --START--
INFO: Run Behavior\ReadHtmlCacheBehavior [ RunTime:0.000595s ]
INFO: [ app_begin ] --END-- [ RunTime:0.001080s ]
ERR: 非法操作:sout

[ 2016-07-11T15:42:41+08:00 ] 127.0.0.1 /wgqproject/index.php/Backend/Info/sout.html
INFO: [ app_begin ] --START--
INFO: Run Behavior\ReadHtmlCacheBehavior [ RunTime:0.000620s ]
INFO: [ app_begin ] --END-- [ RunTime:0.001113s ]
ERR: 非法操作:sout

[ 2016-07-11T15:42:42+08:00 ] 127.0.0.1 /wgqproject/index.php/Backend/Info/sout.html
INFO: [ app_begin ] --START--
INFO: Run Behavior\ReadHtmlCacheBehavior [ RunTime:0.000749s ]
INFO: [ app_begin ] --END-- [ RunTime:0.001305s ]
ERR: 非法操作:sout

[ 2016-07-11T15:43:39+08:00 ] 127.0.0.1 /wgqproject/index.php/Backend/Info/sout.html
INFO: [ app_begin ] --START--
INFO: Run Behavior\ReadHtmlCacheBehavior [ RunTime:0.000586s ]
INFO: [ app_begin ] --END-- [ RunTime:0.001064s ]
INFO: [ app_end ] --START--
INFO: Run Behavior\ShowPageTraceBehavior [ RunTime:0.000837s ]
INFO: [ app_end ] --END-- [ RunTime:0.000958s ]

[ 2016-07-11T15:49:17+08:00 ] 127.0.0.1 /wgqproject/index.php/Backend/Info/sout.html?id=10001
INFO: [ app_begin ] --START--
INFO: Run Behavior\ReadHtmlCacheBehavior [ RunTime:0.001017s ]
INFO: [ app_begin ] --END-- [ RunTime:0.001779s ]
INFO: [ app_end ] --START--
INFO: Run Behavior\ShowPageTraceBehavior [ RunTime:0.001041s ]
INFO: [ app_end ] --END-- [ RunTime:0.001142s ]

[ 2016-07-11T15:50:09+08:00 ] 127.0.0.1 /wgqproject/index.php/Backend/Info/sout.html?id=14
INFO: [ app_begin ] --START--
INFO: Run Behavior\ReadHtmlCacheBehavior [ RunTime:0.000654s ]
INFO: [ app_begin ] --END-- [ RunTime:0.001206s ]
INFO: [ app_end ] --START--
INFO: Run Behavior\ShowPageTraceBehavior [ RunTime:0.000799s ]
INFO: [ app_end ] --END-- [ RunTime:0.000894s ]

[ 2016-07-11T15:51:36+08:00 ] 127.0.0.1 /wgqproject/index.php/Backend/Info/sout.html?id=14
INFO: [ app_begin ] --START--
INFO: Run Behavior\ReadHtmlCacheBehavior [ RunTime:0.000655s ]
INFO: [ app_begin ] --END-- [ RunTime:0.001182s ]
SQL: SHOW COLUMNS FROM `tp_article` [ RunTime:0.0037s ]
SQL: SELECT * FROM `tp_article` WHERE `id` = 14 LIMIT 1   [ RunTime:0.0006s ]
INFO: [ app_end ] --START--
INFO: Run Behavior\ShowPageTraceBehavior [ RunTime:0.001031s ]
INFO: [ app_end ] --END-- [ RunTime:0.001124s ]

[ 2016-07-11T15:51:46+08:00 ] 127.0.0.1 /wgqproject/index.php/Backend/Info/sout.html?id=14
INFO: [ app_begin ] --START--
INFO: Run Behavior\ReadHtmlCacheBehavior [ RunTime:0.000614s ]
INFO: [ app_begin ] --END-- [ RunTime:0.001093s ]
SQL: SHOW COLUMNS FROM `tp_article` [ RunTime:0.0051s ]
SQL: SELECT * FROM `tp_article` WHERE `id` = 14 LIMIT 1   [ RunTime:0.0003s ]
INFO: [ app_end ] --START--
INFO: Run Behavior\ShowPageTraceBehavior [ RunTime:0.001022s ]
INFO: [ app_end ] --END-- [ RunTime:0.001251s ]

[ 2016-07-11T15:52:10+08:00 ] 127.0.0.1 /wgqproject/index.php/Backend/Info/sout.html?id=14
INFO: [ app_begin ] --START--
INFO: Run Behavior\ReadHtmlCacheBehavior [ RunTime:0.000663s ]
INFO: [ app_begin ] --END-- [ RunTime:0.001321s ]

[ 2016-07-11T15:54:03+08:00 ] 127.0.0.1 /wgqproject/index.php/Backend/Info/sout.html?id=14
INFO: [ app_begin ] --START--
INFO: Run Behavior\ReadHtmlCacheBehavior [ RunTime:0.000666s ]
INFO: [ app_begin ] --END-- [ RunTime:0.001257s ]
SQL: SHOW COLUMNS FROM `tp_article` [ RunTime:0.0035s ]
SQL: SELECT * FROM `tp_article` WHERE `id` = 14 LIMIT 1   [ RunTime:0.0003s ]
NOTIC: [8] Undefined index: Isold D:\yourweb\wgqproject\Backend\Controller\InfoController.class.php 第 90 行.
INFO: [ app_end ] --START--
INFO: Run Behavior\ShowPageTraceBehavior [ RunTime:0.000773s ]
INFO: [ app_end ] --END-- [ RunTime:0.000839s ]

[ 2016-07-11T15:56:04+08:00 ] 127.0.0.1 /wgqproject/index.php/Backend/Info/sout.html?id=14
INFO: [ app_begin ] --START--
INFO: Run Behavior\ReadHtmlCacheBehavior [ RunTime:0.000746s ]
INFO: [ app_begin ] --END-- [ RunTime:0.001290s ]
SQL: SHOW COLUMNS FROM `tp_article` [ RunTime:0.0039s ]
SQL: SELECT * FROM `tp_article` WHERE `id` = 14 LIMIT 1   [ RunTime:0.0005s ]
NOTIC: [8] Undefined index: Isold D:\yourweb\wgqproject\Backend\Controller\InfoController.class.php 第 90 行.
INFO: [ app_end ] --START--
INFO: Run Behavior\ShowPageTraceBehavior [ RunTime:0.001171s ]
INFO: [ app_end ] --END-- [ RunTime:0.001260s ]

[ 2016-07-11T15:56:08+08:00 ] 127.0.0.1 /wgqproject/index.php/Backend/Info/sout.html?id=13
INFO: [ app_begin ] --START--
INFO: Run Behavior\ReadHtmlCacheBehavior [ RunTime:0.000600s ]
INFO: [ app_begin ] --END-- [ RunTime:0.001081s ]
SQL: SHOW COLUMNS FROM `tp_article` [ RunTime:0.0038s ]
SQL: SELECT * FROM `tp_article` WHERE `id` = 13 LIMIT 1   [ RunTime:0.0004s ]
NOTIC: [8] Undefined index: Isold D:\yourweb\wgqproject\Backend\Controller\InfoController.class.php 第 90 行.
INFO: [ app_end ] --START--
INFO: Run Behavior\ShowPageTraceBehavior [ RunTime:0.000756s ]
INFO: [ app_end ] --END-- [ RunTime:0.000823s ]

[ 2016-07-11T15:57:29+08:00 ] 127.0.0.1 /wgqproject/index.php/Backend/Info/sout.html?id=14
INFO: [ app_begin ] --START--
INFO: Run Behavior\ReadHtmlCacheBehavior [ RunTime:0.000910s ]
INFO: [ app_begin ] --END-- [ RunTime:0.001561s ]
SQL: SHOW COLUMNS FROM `tp_article` [ RunTime:0.0040s ]
SQL: SELECT * FROM `tp_article` WHERE `id` = 14 LIMIT 1   [ RunTime:0.0003s ]
NOTIC: [8] Undefined index: Isold D:\yourweb\wgqproject\Backend\Controller\InfoController.class.php 第 90 行.
INFO: [ app_end ] --START--
INFO: Run Behavior\ShowPageTraceBehavior [ RunTime:0.000782s ]
INFO: [ app_end ] --END-- [ RunTime:0.000853s ]

[ 2016-07-11T15:59:03+08:00 ] 127.0.0.1 /wgqproject/index.php/Backend/Info/sout.html?id=14
INFO: [ app_begin ] --START--
INFO: Run Behavior\ReadHtmlCacheBehavior [ RunTime:0.000621s ]
INFO: [ app_begin ] --END-- [ RunTime:0.001134s ]
SQL: SHOW COLUMNS FROM `tp_article` [ RunTime:0.0043s ]
SQL: SELECT * FROM `tp_article` WHERE `id` = 14 LIMIT 1   [ RunTime:0.0003s ]
NOTIC: [8] Undefined index: Isold D:\yourweb\wgqproject\Backend\Controller\InfoController.class.php 第 90 行.
INFO: [ app_end ] --START--
INFO: Run Behavior\ShowPageTraceBehavior [ RunTime:0.000840s ]
INFO: [ app_end ] --END-- [ RunTime:0.000909s ]

[ 2016-07-11T15:59:10+08:00 ] 127.0.0.1 /wgqproject/index.php/Backend/Info/sout.html?id=
INFO: [ app_begin ] --START--
INFO: Run Behavior\ReadHtmlCacheBehavior [ RunTime:0.000658s ]
INFO: [ app_begin ] --END-- [ RunTime:0.001212s ]
SQL: SHOW COLUMNS FROM `tp_article` [ RunTime:0.0037s ]
SQL: SELECT * FROM `tp_article` WHERE `id` = 0 LIMIT 1   [ RunTime:0.0004s ]
INFO: [ app_end ] --START--
INFO: Run Behavior\ShowPageTraceBehavior [ RunTime:0.000797s ]
INFO: [ app_end ] --END-- [ RunTime:0.000863s ]

[ 2016-07-11T15:59:50+08:00 ] 127.0.0.1 /wgqproject/index.php/Backend/Info/sout.html?id=14
INFO: [ app_begin ] --START--
INFO: Run Behavior\ReadHtmlCacheBehavior [ RunTime:0.000629s ]
INFO: [ app_begin ] --END-- [ RunTime:0.001125s ]
SQL: SHOW COLUMNS FROM `tp_article` [ RunTime:0.0038s ]
SQL: SELECT * FROM `tp_article` WHERE `id` = 14 LIMIT 1   [ RunTime:0.0004s ]
NOTIC: [8] Undefined index: Isold D:\yourweb\wgqproject\Backend\Controller\InfoController.class.php 第 90 行.
INFO: [ app_end ] --START--
INFO: Run Behavior\ShowPageTraceBehavior [ RunTime:0.000827s ]
INFO: [ app_end ] --END-- [ RunTime:0.000894s ]

[ 2016-07-11T16:01:21+08:00 ] 127.0.0.1 /wgqproject/index.php/Backend/Info/sout.html?id=14
INFO: [ app_begin ] --START--
INFO: Run Behavior\ReadHtmlCacheBehavior [ RunTime:0.000826s ]
INFO: [ app_begin ] --END-- [ RunTime:0.001337s ]
SQL: SHOW COLUMNS FROM `tp_article` [ RunTime:0.0039s ]
SQL: SELECT * FROM `tp_article` WHERE `id` = 14 LIMIT 1   [ RunTime:0.0002s ]
NOTIC: [8] Undefined index: Isold D:\yourweb\wgqproject\Backend\Controller\InfoController.class.php 第 90 行.
INFO: [ app_end ] --START--
INFO: Run Behavior\ShowPageTraceBehavior [ RunTime:0.000758s ]
INFO: [ app_end ] --END-- [ RunTime:0.000827s ]

[ 2016-07-11T16:04:57+08:00 ] 127.0.0.1 /wgqproject/index.php/Backend/Info/sout.html?id=13
INFO: [ app_begin ] --START--
INFO: Run Behavior\ReadHtmlCacheBehavior [ RunTime:0.001160s ]
INFO: [ app_begin ] --END-- [ RunTime:0.001809s ]
SQL: SHOW COLUMNS FROM `tp_article` [ RunTime:0.0048s ]
SQL: SELECT * FROM `tp_article` WHERE `id` = 13 LIMIT 1   [ RunTime:0.0003s ]
NOTIC: [8] Undefined index: Isold D:\yourweb\wgqproject\Backend\Controller\InfoController.class.php 第 90 行.
INFO: [ app_end ] --START--
INFO: Run Behavior\ShowPageTraceBehavior [ RunTime:0.000834s ]
INFO: [ app_end ] --END-- [ RunTime:0.000903s ]

[ 2016-07-11T16:13:32+08:00 ] 127.0.0.1 /wgqproject/index.php/Backend/Info/sout.html?id=14
INFO: [ app_begin ] --START--
INFO: Run Behavior\ReadHtmlCacheBehavior [ RunTime:0.000840s ]
INFO: [ app_begin ] --END-- [ RunTime:0.001436s ]
SQL: SHOW COLUMNS FROM `tp_article` [ RunTime:0.0037s ]
SQL: SELECT * FROM `tp_article` WHERE `id` = 14 LIMIT 1   [ RunTime:0.0003s ]
NOTIC: [8] Undefined index: Isold D:\yourweb\wgqproject\Backend\Controller\InfoController.class.php 第 90 行.
INFO: [ app_end ] --START--
INFO: Run Behavior\ShowPageTraceBehavior [ RunTime:0.000910s ]
INFO: [ app_end ] --END-- [ RunTime:0.001023s ]

[ 2016-07-11T16:45:48+08:00 ] 127.0.0.1 /wgqproject/index.php/Backend/Info/sout.html?id=13
INFO: [ app_begin ] --START--
INFO: Run Behavior\ReadHtmlCacheBehavior [ RunTime:0.000927s ]
INFO: [ app_begin ] --END-- [ RunTime:0.001459s ]
SQL: SHOW COLUMNS FROM `tp_article` [ RunTime:0.0034s ]
SQL: SELECT * FROM `tp_article` WHERE `id` = 13 LIMIT 1   [ RunTime:0.0005s ]
NOTIC: [8] Undefined index: Isold D:\yourweb\wgqproject\Backend\Controller\InfoController.class.php 第 90 行.
NOTIC: [8] Undefined variable: set D:\yourweb\wgqproject\ThinkPHP\Library\Think\Db\Driver.class.php 第 387 行.
NOTIC: [2] implode() [<a href='function.implode'>function.implode</a>]: Invalid arguments passed D:\yourweb\wgqproject\ThinkPHP\Library\Think\Db\Driver.class.php 第 387 行.
ERR: 1064:You have an error in your SQL syntax; check the manual that corresponds to your MySQL server version for the right syntax to use near 'WHERE `id` = 13' at line 1
 [ SQL语句 ] : UPDATE `tp_article` SET  WHERE `id` = 13
ERR: 1064:You have an error in your SQL syntax; check the manual that corresponds to your MySQL server version for the right syntax to use near 'WHERE `id` = 13' at line 1
 [ SQL语句 ] : UPDATE `tp_article` SET  WHERE `id` = 13

[ 2016-07-11T16:45:49+08:00 ] 127.0.0.1 /wgqproject/index.php/Backend/Info/sout.html?id=13
INFO: [ app_begin ] --START--
INFO: Run Behavior\ReadHtmlCacheBehavior [ RunTime:0.001441s ]
INFO: [ app_begin ] --END-- [ RunTime:0.002285s ]
SQL: SHOW COLUMNS FROM `tp_article` [ RunTime:0.0051s ]
SQL: SELECT * FROM `tp_article` WHERE `id` = 13 LIMIT 1   [ RunTime:0.0005s ]
NOTIC: [8] Undefined index: Isold D:\yourweb\wgqproject\Backend\Controller\InfoController.class.php 第 90 行.
NOTIC: [8] Undefined variable: set D:\yourweb\wgqproject\ThinkPHP\Library\Think\Db\Driver.class.php 第 387 行.
NOTIC: [2] implode() [<a href='function.implode'>function.implode</a>]: Invalid arguments passed D:\yourweb\wgqproject\ThinkPHP\Library\Think\Db\Driver.class.php 第 387 行.
ERR: 1064:You have an error in your SQL syntax; check the manual that corresponds to your MySQL server version for the right syntax to use near 'WHERE `id` = 13' at line 1
 [ SQL语句 ] : UPDATE `tp_article` SET  WHERE `id` = 13
ERR: 1064:You have an error in your SQL syntax; check the manual that corresponds to your MySQL server version for the right syntax to use near 'WHERE `id` = 13' at line 1
 [ SQL语句 ] : UPDATE `tp_article` SET  WHERE `id` = 13

[ 2016-07-11T16:45:49+08:00 ] 127.0.0.1 /wgqproject/index.php/Backend/Info/sout.html?id=13
INFO: [ app_begin ] --START--
INFO: Run Behavior\ReadHtmlCacheBehavior [ RunTime:0.000892s ]
INFO: [ app_begin ] --END-- [ RunTime:0.001399s ]
SQL: SHOW COLUMNS FROM `tp_article` [ RunTime:0.0050s ]
SQL: SELECT * FROM `tp_article` WHERE `id` = 13 LIMIT 1   [ RunTime:0.0003s ]
NOTIC: [8] Undefined index: Isold D:\yourweb\wgqproject\Backend\Controller\InfoController.class.php 第 90 行.
NOTIC: [8] Undefined variable: set D:\yourweb\wgqproject\ThinkPHP\Library\Think\Db\Driver.class.php 第 387 行.
NOTIC: [2] implode() [<a href='function.implode'>function.implode</a>]: Invalid arguments passed D:\yourweb\wgqproject\ThinkPHP\Library\Think\Db\Driver.class.php 第 387 行.
ERR: 1064:You have an error in your SQL syntax; check the manual that corresponds to your MySQL server version for the right syntax to use near 'WHERE `id` = 13' at line 1
 [ SQL语句 ] : UPDATE `tp_article` SET  WHERE `id` = 13
ERR: 1064:You have an error in your SQL syntax; check the manual that corresponds to your MySQL server version for the right syntax to use near 'WHERE `id` = 13' at line 1
 [ SQL语句 ] : UPDATE `tp_article` SET  WHERE `id` = 13

[ 2016-07-11T16:45:50+08:00 ] 127.0.0.1 /wgqproject/index.php/Backend/Info/sout.html?id=13
INFO: [ app_begin ] --START--
INFO: Run Behavior\ReadHtmlCacheBehavior [ RunTime:0.000863s ]
INFO: [ app_begin ] --END-- [ RunTime:0.001354s ]
SQL: SHOW COLUMNS FROM `tp_article` [ RunTime:0.0047s ]
SQL: SELECT * FROM `tp_article` WHERE `id` = 13 LIMIT 1   [ RunTime:0.0003s ]
NOTIC: [8] Undefined index: Isold D:\yourweb\wgqproject\Backend\Controller\InfoController.class.php 第 90 行.
NOTIC: [8] Undefined variable: set D:\yourweb\wgqproject\ThinkPHP\Library\Think\Db\Driver.class.php 第 387 行.
NOTIC: [2] implode() [<a href='function.implode'>function.implode</a>]: Invalid arguments passed D:\yourweb\wgqproject\ThinkPHP\Library\Think\Db\Driver.class.php 第 387 行.
ERR: 1064:You have an error in your SQL syntax; check the manual that corresponds to your MySQL server version for the right syntax to use near 'WHERE `id` = 13' at line 1
 [ SQL语句 ] : UPDATE `tp_article` SET  WHERE `id` = 13
ERR: 1064:You have an error in your SQL syntax; check the manual that corresponds to your MySQL server version for the right syntax to use near 'WHERE `id` = 13' at line 1
 [ SQL语句 ] : UPDATE `tp_article` SET  WHERE `id` = 13

[ 2016-07-11T16:45:50+08:00 ] 127.0.0.1 /wgqproject/index.php/Backend/Info/sout.html?id=13
INFO: [ app_begin ] --START--
INFO: Run Behavior\ReadHtmlCacheBehavior [ RunTime:0.000888s ]
INFO: [ app_begin ] --END-- [ RunTime:0.001396s ]
SQL: SHOW COLUMNS FROM `tp_article` [ RunTime:0.0036s ]
SQL: SELECT * FROM `tp_article` WHERE `id` = 13 LIMIT 1   [ RunTime:0.0003s ]
NOTIC: [8] Undefined index: Isold D:\yourweb\wgqproject\Backend\Controller\InfoController.class.php 第 90 行.
NOTIC: [8] Undefined variable: set D:\yourweb\wgqproject\ThinkPHP\Library\Think\Db\Driver.class.php 第 387 行.
NOTIC: [2] implode() [<a href='function.implode'>function.implode</a>]: Invalid arguments passed D:\yourweb\wgqproject\ThinkPHP\Library\Think\Db\Driver.class.php 第 387 行.
ERR: 1064:You have an error in your SQL syntax; check the manual that corresponds to your MySQL server version for the right syntax to use near 'WHERE `id` = 13' at line 1
 [ SQL语句 ] : UPDATE `tp_article` SET  WHERE `id` = 13
ERR: 1064:You have an error in your SQL syntax; check the manual that corresponds to your MySQL server version for the right syntax to use near 'WHERE `id` = 13' at line 1
 [ SQL语句 ] : UPDATE `tp_article` SET  WHERE `id` = 13

[ 2016-07-11T16:45:50+08:00 ] 127.0.0.1 /wgqproject/index.php/Backend/Info/sout.html?id=13
INFO: [ app_begin ] --START--
INFO: Run Behavior\ReadHtmlCacheBehavior [ RunTime:0.000874s ]
INFO: [ app_begin ] --END-- [ RunTime:0.001359s ]
SQL: SHOW COLUMNS FROM `tp_article` [ RunTime:0.0034s ]
SQL: SELECT * FROM `tp_article` WHERE `id` = 13 LIMIT 1   [ RunTime:0.0003s ]
NOTIC: [8] Undefined index: Isold D:\yourweb\wgqproject\Backend\Controller\InfoController.class.php 第 90 行.
NOTIC: [8] Undefined variable: set D:\yourweb\wgqproject\ThinkPHP\Library\Think\Db\Driver.class.php 第 387 行.
NOTIC: [2] implode() [<a href='function.implode'>function.implode</a>]: Invalid arguments passed D:\yourweb\wgqproject\ThinkPHP\Library\Think\Db\Driver.class.php 第 387 行.
ERR: 1064:You have an error in your SQL syntax; check the manual that corresponds to your MySQL server version for the right syntax to use near 'WHERE `id` = 13' at line 1
 [ SQL语句 ] : UPDATE `tp_article` SET  WHERE `id` = 13
ERR: 1064:You have an error in your SQL syntax; check the manual that corresponds to your MySQL server version for the right syntax to use near 'WHERE `id` = 13' at line 1
 [ SQL语句 ] : UPDATE `tp_article` SET  WHERE `id` = 13

[ 2016-07-11T16:45:55+08:00 ] 127.0.0.1 /wgqproject/index.php/Backend/Info/sout.html?id=13
INFO: [ app_begin ] --START--
INFO: Run Behavior\ReadHtmlCacheBehavior [ RunTime:0.000902s ]
INFO: [ app_begin ] --END-- [ RunTime:0.001417s ]
SQL: SHOW COLUMNS FROM `tp_article` [ RunTime:0.0037s ]
SQL: SELECT * FROM `tp_article` WHERE `id` = 13 LIMIT 1   [ RunTime:0.0007s ]
NOTIC: [8] Undefined index: Isold D:\yourweb\wgqproject\Backend\Controller\InfoController.class.php 第 90 行.
NOTIC: [8] Undefined variable: set D:\yourweb\wgqproject\ThinkPHP\Library\Think\Db\Driver.class.php 第 387 行.
NOTIC: [2] implode() [<a href='function.implode'>function.implode</a>]: Invalid arguments passed D:\yourweb\wgqproject\ThinkPHP\Library\Think\Db\Driver.class.php 第 387 行.
ERR: 1064:You have an error in your SQL syntax; check the manual that corresponds to your MySQL server version for the right syntax to use near 'WHERE `id` = 13' at line 1
 [ SQL语句 ] : UPDATE `tp_article` SET  WHERE `id` = 13
ERR: 1064:You have an error in your SQL syntax; check the manual that corresponds to your MySQL server version for the right syntax to use near 'WHERE `id` = 13' at line 1
 [ SQL语句 ] : UPDATE `tp_article` SET  WHERE `id` = 13

[ 2016-07-11T16:48:10+08:00 ] 127.0.0.1 /wgqproject/index.php/Backend/Info/sout.html?id=13
INFO: [ app_begin ] --START--
INFO: Run Behavior\ReadHtmlCacheBehavior [ RunTime:0.000976s ]
INFO: [ app_begin ] --END-- [ RunTime:0.001606s ]
SQL: SHOW COLUMNS FROM `tp_article` [ RunTime:0.0036s ]
SQL: SELECT * FROM `tp_article` WHERE `id` = 13 LIMIT 1   [ RunTime:0.0003s ]
NOTIC: [8] Undefined index: Isold D:\yourweb\wgqproject\Backend\Controller\InfoController.class.php 第 90 行.
NOTIC: [8] Undefined variable: set D:\yourweb\wgqproject\ThinkPHP\Library\Think\Db\Driver.class.php 第 387 行.
NOTIC: [2] implode() [<a href='function.implode'>function.implode</a>]: Invalid arguments passed D:\yourweb\wgqproject\ThinkPHP\Library\Think\Db\Driver.class.php 第 387 行.
ERR: 1064:You have an error in your SQL syntax; check the manual that corresponds to your MySQL server version for the right syntax to use near 'WHERE `id` = 13' at line 1
 [ SQL语句 ] : UPDATE `tp_article` SET  WHERE `id` = 13
ERR: 1064:You have an error in your SQL syntax; check the manual that corresponds to your MySQL server version for the right syntax to use near 'WHERE `id` = 13' at line 1
 [ SQL语句 ] : UPDATE `tp_article` SET  WHERE `id` = 13

[ 2016-07-11T16:48:11+08:00 ] 127.0.0.1 /wgqproject/index.php/Backend/Info/sout.html?id=13
INFO: [ app_begin ] --START--
INFO: Run Behavior\ReadHtmlCacheBehavior [ RunTime:0.000977s ]
INFO: [ app_begin ] --END-- [ RunTime:0.001501s ]
SQL: SHOW COLUMNS FROM `tp_article` [ RunTime:0.0035s ]
SQL: SELECT * FROM `tp_article` WHERE `id` = 13 LIMIT 1   [ RunTime:0.0003s ]
NOTIC: [8] Undefined index: Isold D:\yourweb\wgqproject\Backend\Controller\InfoController.class.php 第 90 行.
NOTIC: [8] Undefined variable: set D:\yourweb\wgqproject\ThinkPHP\Library\Think\Db\Driver.class.php 第 387 行.
NOTIC: [2] implode() [<a href='function.implode'>function.implode</a>]: Invalid arguments passed D:\yourweb\wgqproject\ThinkPHP\Library\Think\Db\Driver.class.php 第 387 行.
ERR: 1064:You have an error in your SQL syntax; check the manual that corresponds to your MySQL server version for the right syntax to use near 'WHERE `id` = 13' at line 1
 [ SQL语句 ] : UPDATE `tp_article` SET  WHERE `id` = 13
ERR: 1064:You have an error in your SQL syntax; check the manual that corresponds to your MySQL server version for the right syntax to use near 'WHERE `id` = 13' at line 1
 [ SQL语句 ] : UPDATE `tp_article` SET  WHERE `id` = 13

[ 2016-07-11T16:48:11+08:00 ] 127.0.0.1 /wgqproject/index.php/Backend/Info/sout.html?id=13
INFO: [ app_begin ] --START--
INFO: Run Behavior\ReadHtmlCacheBehavior [ RunTime:0.000921s ]
INFO: [ app_begin ] --END-- [ RunTime:0.001463s ]
SQL: SHOW COLUMNS FROM `tp_article` [ RunTime:0.0040s ]
SQL: SELECT * FROM `tp_article` WHERE `id` = 13 LIMIT 1   [ RunTime:0.0003s ]
NOTIC: [8] Undefined index: Isold D:\yourweb\wgqproject\Backend\Controller\InfoController.class.php 第 90 行.
NOTIC: [8] Undefined variable: set D:\yourweb\wgqproject\ThinkPHP\Library\Think\Db\Driver.class.php 第 387 行.
NOTIC: [2] implode() [<a href='function.implode'>function.implode</a>]: Invalid arguments passed D:\yourweb\wgqproject\ThinkPHP\Library\Think\Db\Driver.class.php 第 387 行.
ERR: 1064:You have an error in your SQL syntax; check the manual that corresponds to your MySQL server version for the right syntax to use near 'WHERE `id` = 13' at line 1
 [ SQL语句 ] : UPDATE `tp_article` SET  WHERE `id` = 13
ERR: 1064:You have an error in your SQL syntax; check the manual that corresponds to your MySQL server version for the right syntax to use near 'WHERE `id` = 13' at line 1
 [ SQL语句 ] : UPDATE `tp_article` SET  WHERE `id` = 13

[ 2016-07-11T16:48:24+08:00 ] 127.0.0.1 /wgqproject/index.php/Backend/Info/sout.html?id=13
INFO: [ app_begin ] --START--
INFO: Run Behavior\ReadHtmlCacheBehavior [ RunTime:0.000982s ]
INFO: [ app_begin ] --END-- [ RunTime:0.001624s ]
SQL: SHOW COLUMNS FROM `tp_article` [ RunTime:0.0037s ]
SQL: SELECT * FROM `tp_article` WHERE `id` = 13 LIMIT 1   [ RunTime:0.0007s ]
NOTIC: [8] Undefined index: Isold D:\yourweb\wgqproject\Backend\Controller\InfoController.class.php 第 90 行.
NOTIC: [8] Undefined variable: set D:\yourweb\wgqproject\ThinkPHP\Library\Think\Db\Driver.class.php 第 387 行.
NOTIC: [2] implode() [<a href='function.implode'>function.implode</a>]: Invalid arguments passed D:\yourweb\wgqproject\ThinkPHP\Library\Think\Db\Driver.class.php 第 387 行.
ERR: 1064:You have an error in your SQL syntax; check the manual that corresponds to your MySQL server version for the right syntax to use near 'WHERE `id` = 13' at line 1
 [ SQL语句 ] : UPDATE `tp_article` SET  WHERE `id` = 13
ERR: 1064:You have an error in your SQL syntax; check the manual that corresponds to your MySQL server version for the right syntax to use near 'WHERE `id` = 13' at line 1
 [ SQL语句 ] : UPDATE `tp_article` SET  WHERE `id` = 13

[ 2016-07-11T16:48:25+08:00 ] 127.0.0.1 /wgqproject/index.php/Backend/Info/sout.html?id=13
INFO: [ app_begin ] --START--
INFO: Run Behavior\ReadHtmlCacheBehavior [ RunTime:0.000882s ]
INFO: [ app_begin ] --END-- [ RunTime:0.001369s ]
SQL: SHOW COLUMNS FROM `tp_article` [ RunTime:0.0034s ]
SQL: SELECT * FROM `tp_article` WHERE `id` = 13 LIMIT 1   [ RunTime:0.0002s ]
NOTIC: [8] Undefined index: Isold D:\yourweb\wgqproject\Backend\Controller\InfoController.class.php 第 90 行.
NOTIC: [8] Undefined variable: set D:\yourweb\wgqproject\ThinkPHP\Library\Think\Db\Driver.class.php 第 387 行.
NOTIC: [2] implode() [<a href='function.implode'>function.implode</a>]: Invalid arguments passed D:\yourweb\wgqproject\ThinkPHP\Library\Think\Db\Driver.class.php 第 387 行.
ERR: 1064:You have an error in your SQL syntax; check the manual that corresponds to your MySQL server version for the right syntax to use near 'WHERE `id` = 13' at line 1
 [ SQL语句 ] : UPDATE `tp_article` SET  WHERE `id` = 13
ERR: 1064:You have an error in your SQL syntax; check the manual that corresponds to your MySQL server version for the right syntax to use near 'WHERE `id` = 13' at line 1
 [ SQL语句 ] : UPDATE `tp_article` SET  WHERE `id` = 13

[ 2016-07-11T16:48:38+08:00 ] 127.0.0.1 /wgqproject/index.php/Backend/Info/sout.html?id=13
INFO: [ app_begin ] --START--
INFO: Run Behavior\ReadHtmlCacheBehavior [ RunTime:0.000967s ]
INFO: [ app_begin ] --END-- [ RunTime:0.001589s ]
SQL: SHOW COLUMNS FROM `tp_article` [ RunTime:0.0039s ]
SQL: SELECT * FROM `tp_article` WHERE `id` = 13 LIMIT 1   [ RunTime:0.0003s ]
NOTIC: [8] Undefined index: Isold D:\yourweb\wgqproject\Backend\Controller\InfoController.class.php 第 90 行.
NOTIC: [8] Undefined variable: set D:\yourweb\wgqproject\ThinkPHP\Library\Think\Db\Driver.class.php 第 387 行.
NOTIC: [2] implode() [<a href='function.implode'>function.implode</a>]: Invalid arguments passed D:\yourweb\wgqproject\ThinkPHP\Library\Think\Db\Driver.class.php 第 387 行.
ERR: 1064:You have an error in your SQL syntax; check the manual that corresponds to your MySQL server version for the right syntax to use near 'WHERE `id` = 13' at line 1
 [ SQL语句 ] : UPDATE `tp_article` SET  WHERE `id` = 13
ERR: 1064:You have an error in your SQL syntax; check the manual that corresponds to your MySQL server version for the right syntax to use near 'WHERE `id` = 13' at line 1
 [ SQL语句 ] : UPDATE `tp_article` SET  WHERE `id` = 13

[ 2016-07-11T16:49:04+08:00 ] 127.0.0.1 /wgqproject/index.php/Backend/Info/sout.html?id=13
INFO: [ app_begin ] --START--
INFO: Run Behavior\ReadHtmlCacheBehavior [ RunTime:0.000980s ]
INFO: [ app_begin ] --END-- [ RunTime:0.001619s ]
INFO: [ app_end ] --START--
INFO: Run Behavior\ShowPageTraceBehavior [ RunTime:0.001228s ]
INFO: [ app_end ] --END-- [ RunTime:0.001323s ]

[ 2016-07-11T16:49:32+08:00 ] 127.0.0.1 /wgqproject/index.php/Backend/Info/sout.html?id=13
INFO: [ app_begin ] --START--
INFO: Run Behavior\ReadHtmlCacheBehavior [ RunTime:0.001460s ]
INFO: [ app_begin ] --END-- [ RunTime:0.002142s ]
SQL: SHOW COLUMNS FROM `tp_article` [ RunTime:0.0035s ]
SQL: SELECT * FROM `tp_article` WHERE `id` = 13 LIMIT 1   [ RunTime:0.0003s ]
NOTIC: [8] Undefined index: Isold D:\yourweb\wgqproject\Backend\Controller\InfoController.class.php 第 90 行.
NOTIC: [8] Undefined variable: set D:\yourweb\wgqproject\ThinkPHP\Library\Think\Db\Driver.class.php 第 387 行.
NOTIC: [2] implode() [<a href='function.implode'>function.implode</a>]: Invalid arguments passed D:\yourweb\wgqproject\ThinkPHP\Library\Think\Db\Driver.class.php 第 387 行.
ERR: 1064:You have an error in your SQL syntax; check the manual that corresponds to your MySQL server version for the right syntax to use near 'WHERE `id` = 13' at line 1
 [ SQL语句 ] : UPDATE `tp_article` SET  WHERE `id` = 13
ERR: 1064:You have an error in your SQL syntax; check the manual that corresponds to your MySQL server version for the right syntax to use near 'WHERE `id` = 13' at line 1
 [ SQL语句 ] : UPDATE `tp_article` SET  WHERE `id` = 13

[ 2016-07-11T16:49:33+08:00 ] 127.0.0.1 /wgqproject/index.php/Backend/Info/sout.html?id=13
INFO: [ app_begin ] --START--
INFO: Run Behavior\ReadHtmlCacheBehavior [ RunTime:0.001112s ]
INFO: [ app_begin ] --END-- [ RunTime:0.001879s ]
SQL: SHOW COLUMNS FROM `tp_article` [ RunTime:0.0035s ]
SQL: SELECT * FROM `tp_article` WHERE `id` = 13 LIMIT 1   [ RunTime:0.0003s ]
NOTIC: [8] Undefined index: Isold D:\yourweb\wgqproject\Backend\Controller\InfoController.class.php 第 90 行.
NOTIC: [8] Undefined variable: set D:\yourweb\wgqproject\ThinkPHP\Library\Think\Db\Driver.class.php 第 387 行.
NOTIC: [2] implode() [<a href='function.implode'>function.implode</a>]: Invalid arguments passed D:\yourweb\wgqproject\ThinkPHP\Library\Think\Db\Driver.class.php 第 387 行.
ERR: 1064:You have an error in your SQL syntax; check the manual that corresponds to your MySQL server version for the right syntax to use near 'WHERE `id` = 13' at line 1
 [ SQL语句 ] : UPDATE `tp_article` SET  WHERE `id` = 13
ERR: 1064:You have an error in your SQL syntax; check the manual that corresponds to your MySQL server version for the right syntax to use near 'WHERE `id` = 13' at line 1
 [ SQL语句 ] : UPDATE `tp_article` SET  WHERE `id` = 13

[ 2016-07-11T16:49:33+08:00 ] 127.0.0.1 /wgqproject/index.php/Backend/Info/sout.html?id=13
INFO: [ app_begin ] --START--
INFO: Run Behavior\ReadHtmlCacheBehavior [ RunTime:0.000985s ]
INFO: [ app_begin ] --END-- [ RunTime:0.001579s ]
SQL: SHOW COLUMNS FROM `tp_article` [ RunTime:0.0035s ]
SQL: SELECT * FROM `tp_article` WHERE `id` = 13 LIMIT 1   [ RunTime:0.0003s ]
NOTIC: [8] Undefined index: Isold D:\yourweb\wgqproject\Backend\Controller\InfoController.class.php 第 90 行.
NOTIC: [8] Undefined variable: set D:\yourweb\wgqproject\ThinkPHP\Library\Think\Db\Driver.class.php 第 387 行.
NOTIC: [2] implode() [<a href='function.implode'>function.implode</a>]: Invalid arguments passed D:\yourweb\wgqproject\ThinkPHP\Library\Think\Db\Driver.class.php 第 387 行.
ERR: 1064:You have an error in your SQL syntax; check the manual that corresponds to your MySQL server version for the right syntax to use near 'WHERE `id` = 13' at line 1
 [ SQL语句 ] : UPDATE `tp_article` SET  WHERE `id` = 13
ERR: 1064:You have an error in your SQL syntax; check the manual that corresponds to your MySQL server version for the right syntax to use near 'WHERE `id` = 13' at line 1
 [ SQL语句 ] : UPDATE `tp_article` SET  WHERE `id` = 13

[ 2016-07-11T16:49:33+08:00 ] 127.0.0.1 /wgqproject/index.php/Backend/Info/sout.html?id=13
INFO: [ app_begin ] --START--
INFO: Run Behavior\ReadHtmlCacheBehavior [ RunTime:0.000948s ]
INFO: [ app_begin ] --END-- [ RunTime:0.002549s ]
SQL: SHOW COLUMNS FROM `tp_article` [ RunTime:0.0041s ]
SQL: SELECT * FROM `tp_article` WHERE `id` = 13 LIMIT 1   [ RunTime:0.0003s ]
NOTIC: [8] Undefined index: Isold D:\yourweb\wgqproject\Backend\Controller\InfoController.class.php 第 90 行.
NOTIC: [8] Undefined variable: set D:\yourweb\wgqproject\ThinkPHP\Library\Think\Db\Driver.class.php 第 387 行.
NOTIC: [2] implode() [<a href='function.implode'>function.implode</a>]: Invalid arguments passed D:\yourweb\wgqproject\ThinkPHP\Library\Think\Db\Driver.class.php 第 387 行.
ERR: 1064:You have an error in your SQL syntax; check the manual that corresponds to your MySQL server version for the right syntax to use near 'WHERE `id` = 13' at line 1
 [ SQL语句 ] : UPDATE `tp_article` SET  WHERE `id` = 13
ERR: 1064:You have an error in your SQL syntax; check the manual that corresponds to your MySQL server version for the right syntax to use near 'WHERE `id` = 13' at line 1
 [ SQL语句 ] : UPDATE `tp_article` SET  WHERE `id` = 13

[ 2016-07-11T16:49:33+08:00 ] 127.0.0.1 /wgqproject/index.php/Backend/Info/sout.html?id=13
INFO: [ app_begin ] --START--
INFO: Run Behavior\ReadHtmlCacheBehavior [ RunTime:0.000871s ]
INFO: [ app_begin ] --END-- [ RunTime:0.001356s ]
SQL: SHOW COLUMNS FROM `tp_article` [ RunTime:0.0042s ]
SQL: SELECT * FROM `tp_article` WHERE `id` = 13 LIMIT 1   [ RunTime:0.0003s ]
NOTIC: [8] Undefined index: Isold D:\yourweb\wgqproject\Backend\Controller\InfoController.class.php 第 90 行.
NOTIC: [8] Undefined variable: set D:\yourweb\wgqproject\ThinkPHP\Library\Think\Db\Driver.class.php 第 387 行.
NOTIC: [2] implode() [<a href='function.implode'>function.implode</a>]: Invalid arguments passed D:\yourweb\wgqproject\ThinkPHP\Library\Think\Db\Driver.class.php 第 387 行.
ERR: 1064:You have an error in your SQL syntax; check the manual that corresponds to your MySQL server version for the right syntax to use near 'WHERE `id` = 13' at line 1
 [ SQL语句 ] : UPDATE `tp_article` SET  WHERE `id` = 13
ERR: 1064:You have an error in your SQL syntax; check the manual that corresponds to your MySQL server version for the right syntax to use near 'WHERE `id` = 13' at line 1
 [ SQL语句 ] : UPDATE `tp_article` SET  WHERE `id` = 13

[ 2016-07-11T16:49:34+08:00 ] 127.0.0.1 /wgqproject/index.php/Backend/Info/sout.html?id=13
INFO: [ app_begin ] --START--
INFO: Run Behavior\ReadHtmlCacheBehavior [ RunTime:0.000963s ]
INFO: [ app_begin ] --END-- [ RunTime:0.001548s ]
SQL: SHOW COLUMNS FROM `tp_article` [ RunTime:0.0051s ]
SQL: SELECT * FROM `tp_article` WHERE `id` = 13 LIMIT 1   [ RunTime:0.0004s ]
NOTIC: [8] Undefined index: Isold D:\yourweb\wgqproject\Backend\Controller\InfoController.class.php 第 90 行.
NOTIC: [8] Undefined variable: set D:\yourweb\wgqproject\ThinkPHP\Library\Think\Db\Driver.class.php 第 387 行.
NOTIC: [2] implode() [<a href='function.implode'>function.implode</a>]: Invalid arguments passed D:\yourweb\wgqproject\ThinkPHP\Library\Think\Db\Driver.class.php 第 387 行.
ERR: 1064:You have an error in your SQL syntax; check the manual that corresponds to your MySQL server version for the right syntax to use near 'WHERE `id` = 13' at line 1
 [ SQL语句 ] : UPDATE `tp_article` SET  WHERE `id` = 13
ERR: 1064:You have an error in your SQL syntax; check the manual that corresponds to your MySQL server version for the right syntax to use near 'WHERE `id` = 13' at line 1
 [ SQL语句 ] : UPDATE `tp_article` SET  WHERE `id` = 13

[ 2016-07-11T16:49:54+08:00 ] 127.0.0.1 /wgqproject/index.php/Backend/Info/sout.html?id=13
INFO: [ app_begin ] --START--
INFO: Run Behavior\ReadHtmlCacheBehavior [ RunTime:0.000887s ]
INFO: [ app_begin ] --END-- [ RunTime:0.001365s ]
SQL: SHOW COLUMNS FROM `tp_article` [ RunTime:0.0035s ]
SQL: SELECT * FROM `tp_article` WHERE `id` = 13 LIMIT 1   [ RunTime:0.0002s ]
NOTIC: [8] Undefined index: Isold D:\yourweb\wgqproject\Backend\Controller\InfoController.class.php 第 90 行.
NOTIC: [8] Undefined variable: set D:\yourweb\wgqproject\ThinkPHP\Library\Think\Db\Driver.class.php 第 387 行.
NOTIC: [2] implode() [<a href='function.implode'>function.implode</a>]: Invalid arguments passed D:\yourweb\wgqproject\ThinkPHP\Library\Think\Db\Driver.class.php 第 387 行.
ERR: 1064:You have an error in your SQL syntax; check the manual that corresponds to your MySQL server version for the right syntax to use near 'WHERE `id` = 13' at line 1
 [ SQL语句 ] : UPDATE `tp_article` SET  WHERE `id` = 13
ERR: 1064:You have an error in your SQL syntax; check the manual that corresponds to your MySQL server version for the right syntax to use near 'WHERE `id` = 13' at line 1
 [ SQL语句 ] : UPDATE `tp_article` SET  WHERE `id` = 13

[ 2016-07-11T16:49:54+08:00 ] 127.0.0.1 /wgqproject/index.php/Backend/Info/sout.html?id=13
INFO: [ app_begin ] --START--
INFO: Run Behavior\ReadHtmlCacheBehavior [ RunTime:0.000896s ]
INFO: [ app_begin ] --END-- [ RunTime:0.001384s ]
SQL: SHOW COLUMNS FROM `tp_article` [ RunTime:0.0042s ]
SQL: SELECT * FROM `tp_article` WHERE `id` = 13 LIMIT 1   [ RunTime:0.0003s ]
NOTIC: [8] Undefined index: Isold D:\yourweb\wgqproject\Backend\Controller\InfoController.class.php 第 90 行.
NOTIC: [8] Undefined variable: set D:\yourweb\wgqproject\ThinkPHP\Library\Think\Db\Driver.class.php 第 387 行.
NOTIC: [2] implode() [<a href='function.implode'>function.implode</a>]: Invalid arguments passed D:\yourweb\wgqproject\ThinkPHP\Library\Think\Db\Driver.class.php 第 387 行.
ERR: 1064:You have an error in your SQL syntax; check the manual that corresponds to your MySQL server version for the right syntax to use near 'WHERE `id` = 13' at line 1
 [ SQL语句 ] : UPDATE `tp_article` SET  WHERE `id` = 13
ERR: 1064:You have an error in your SQL syntax; check the manual that corresponds to your MySQL server version for the right syntax to use near 'WHERE `id` = 13' at line 1
 [ SQL语句 ] : UPDATE `tp_article` SET  WHERE `id` = 13

[ 2016-07-11T16:49:55+08:00 ] 127.0.0.1 /wgqproject/index.php/Backend/Info/sout.html?id=13
INFO: [ app_begin ] --START--
INFO: Run Behavior\ReadHtmlCacheBehavior [ RunTime:0.000892s ]
INFO: [ app_begin ] --END-- [ RunTime:0.001611s ]
SQL: SHOW COLUMNS FROM `tp_article` [ RunTime:0.0036s ]
SQL: SELECT * FROM `tp_article` WHERE `id` = 13 LIMIT 1   [ RunTime:0.0005s ]
NOTIC: [8] Undefined index: Isold D:\yourweb\wgqproject\Backend\Controller\InfoController.class.php 第 90 行.
NOTIC: [8] Undefined variable: set D:\yourweb\wgqproject\ThinkPHP\Library\Think\Db\Driver.class.php 第 387 行.
NOTIC: [2] implode() [<a href='function.implode'>function.implode</a>]: Invalid arguments passed D:\yourweb\wgqproject\ThinkPHP\Library\Think\Db\Driver.class.php 第 387 行.
ERR: 1064:You have an error in your SQL syntax; check the manual that corresponds to your MySQL server version for the right syntax to use near 'WHERE `id` = 13' at line 1
 [ SQL语句 ] : UPDATE `tp_article` SET  WHERE `id` = 13
ERR: 1064:You have an error in your SQL syntax; check the manual that corresponds to your MySQL server version for the right syntax to use near 'WHERE `id` = 13' at line 1
 [ SQL语句 ] : UPDATE `tp_article` SET  WHERE `id` = 13

[ 2016-07-11T16:49:55+08:00 ] 127.0.0.1 /wgqproject/index.php/Backend/Info/sout.html?id=13
INFO: [ app_begin ] --START--
INFO: Run Behavior\ReadHtmlCacheBehavior [ RunTime:0.001060s ]
INFO: [ app_begin ] --END-- [ RunTime:0.001617s ]
SQL: SHOW COLUMNS FROM `tp_article` [ RunTime:0.0053s ]
SQL: SELECT * FROM `tp_article` WHERE `id` = 13 LIMIT 1   [ RunTime:0.0003s ]
NOTIC: [8] Undefined index: Isold D:\yourweb\wgqproject\Backend\Controller\InfoController.class.php 第 90 行.
NOTIC: [8] Undefined variable: set D:\yourweb\wgqproject\ThinkPHP\Library\Think\Db\Driver.class.php 第 387 行.
NOTIC: [2] implode() [<a href='function.implode'>function.implode</a>]: Invalid arguments passed D:\yourweb\wgqproject\ThinkPHP\Library\Think\Db\Driver.class.php 第 387 行.
ERR: 1064:You have an error in your SQL syntax; check the manual that corresponds to your MySQL server version for the right syntax to use near 'WHERE `id` = 13' at line 1
 [ SQL语句 ] : UPDATE `tp_article` SET  WHERE `id` = 13
ERR: 1064:You have an error in your SQL syntax; check the manual that corresponds to your MySQL server version for the right syntax to use near 'WHERE `id` = 13' at line 1
 [ SQL语句 ] : UPDATE `tp_article` SET  WHERE `id` = 13

[ 2016-07-11T16:50:06+08:00 ] 127.0.0.1 /wgqproject/index.php/Backend/Info/sout.html?id=13
INFO: [ app_begin ] --START--
INFO: Run Behavior\ReadHtmlCacheBehavior [ RunTime:0.000942s ]
INFO: [ app_begin ] --END-- [ RunTime:0.001670s ]
SQL: SHOW COLUMNS FROM `tp_article` [ RunTime:0.0041s ]
SQL: SELECT * FROM `tp_article` WHERE `id` = 13 LIMIT 1   [ RunTime:0.0004s ]
NOTIC: [8] Undefined index: Isold D:\yourweb\wgqproject\Backend\Controller\InfoController.class.php 第 90 行.
NOTIC: [8] Undefined variable: set D:\yourweb\wgqproject\ThinkPHP\Library\Think\Db\Driver.class.php 第 387 行.
NOTIC: [2] implode() [<a href='function.implode'>function.implode</a>]: Invalid arguments passed D:\yourweb\wgqproject\ThinkPHP\Library\Think\Db\Driver.class.php 第 387 行.
ERR: 1064:You have an error in your SQL syntax; check the manual that corresponds to your MySQL server version for the right syntax to use near 'WHERE `id` = 13' at line 1
 [ SQL语句 ] : UPDATE `tp_article` SET  WHERE `id` = 13
ERR: 1064:You have an error in your SQL syntax; check the manual that corresponds to your MySQL server version for the right syntax to use near 'WHERE `id` = 13' at line 1
 [ SQL语句 ] : UPDATE `tp_article` SET  WHERE `id` = 13

[ 2016-07-11T16:50:27+08:00 ] 127.0.0.1 /wgqproject/index.php/Backend/Info/sout.html?id=13
INFO: [ app_begin ] --START--
INFO: Run Behavior\ReadHtmlCacheBehavior [ RunTime:0.000971s ]
INFO: [ app_begin ] --END-- [ RunTime:0.001565s ]
SQL: SHOW COLUMNS FROM `tp_article` [ RunTime:0.0035s ]
SQL: SELECT * FROM `tp_article` WHERE `id` = 13 LIMIT 1   [ RunTime:0.0003s ]
NOTIC: [8] Undefined index: Isold D:\yourweb\wgqproject\Backend\Controller\InfoController.class.php 第 91 行.
NOTIC: [8] Undefined variable: set D:\yourweb\wgqproject\ThinkPHP\Library\Think\Db\Driver.class.php 第 387 行.
NOTIC: [2] implode() [<a href='function.implode'>function.implode</a>]: Invalid arguments passed D:\yourweb\wgqproject\ThinkPHP\Library\Think\Db\Driver.class.php 第 387 行.
ERR: 1064:You have an error in your SQL syntax; check the manual that corresponds to your MySQL server version for the right syntax to use near 'WHERE `id` = 13' at line 1
 [ SQL语句 ] : UPDATE `tp_article` SET  WHERE `id` = 13
ERR: 1064:You have an error in your SQL syntax; check the manual that corresponds to your MySQL server version for the right syntax to use near 'WHERE `id` = 13' at line 1
 [ SQL语句 ] : UPDATE `tp_article` SET  WHERE `id` = 13

[ 2016-07-11T16:50:27+08:00 ] 127.0.0.1 /wgqproject/index.php/Backend/Info/sout.html?id=13
INFO: [ app_begin ] --START--
INFO: Run Behavior\ReadHtmlCacheBehavior [ RunTime:0.001164s ]
INFO: [ app_begin ] --END-- [ RunTime:0.001746s ]
SQL: SHOW COLUMNS FROM `tp_article` [ RunTime:0.0039s ]
SQL: SELECT * FROM `tp_article` WHERE `id` = 13 LIMIT 1   [ RunTime:0.0004s ]
NOTIC: [8] Undefined index: Isold D:\yourweb\wgqproject\Backend\Controller\InfoController.class.php 第 91 行.
NOTIC: [8] Undefined variable: set D:\yourweb\wgqproject\ThinkPHP\Library\Think\Db\Driver.class.php 第 387 行.
NOTIC: [2] implode() [<a href='function.implode'>function.implode</a>]: Invalid arguments passed D:\yourweb\wgqproject\ThinkPHP\Library\Think\Db\Driver.class.php 第 387 行.
ERR: 1064:You have an error in your SQL syntax; check the manual that corresponds to your MySQL server version for the right syntax to use near 'WHERE `id` = 13' at line 1
 [ SQL语句 ] : UPDATE `tp_article` SET  WHERE `id` = 13
ERR: 1064:You have an error in your SQL syntax; check the manual that corresponds to your MySQL server version for the right syntax to use near 'WHERE `id` = 13' at line 1
 [ SQL语句 ] : UPDATE `tp_article` SET  WHERE `id` = 13

[ 2016-07-11T16:50:28+08:00 ] 127.0.0.1 /wgqproject/index.php/Backend/Info/sout.html?id=13
INFO: [ app_begin ] --START--
INFO: Run Behavior\ReadHtmlCacheBehavior [ RunTime:0.001028s ]
INFO: [ app_begin ] --END-- [ RunTime:0.001686s ]
SQL: SHOW COLUMNS FROM `tp_article` [ RunTime:0.0036s ]
SQL: SELECT * FROM `tp_article` WHERE `id` = 13 LIMIT 1   [ RunTime:0.0003s ]
NOTIC: [8] Undefined index: Isold D:\yourweb\wgqproject\Backend\Controller\InfoController.class.php 第 91 行.
NOTIC: [8] Undefined variable: set D:\yourweb\wgqproject\ThinkPHP\Library\Think\Db\Driver.class.php 第 387 行.
NOTIC: [2] implode() [<a href='function.implode'>function.implode</a>]: Invalid arguments passed D:\yourweb\wgqproject\ThinkPHP\Library\Think\Db\Driver.class.php 第 387 行.
ERR: 1064:You have an error in your SQL syntax; check the manual that corresponds to your MySQL server version for the right syntax to use near 'WHERE `id` = 13' at line 1
 [ SQL语句 ] : UPDATE `tp_article` SET  WHERE `id` = 13
ERR: 1064:You have an error in your SQL syntax; check the manual that corresponds to your MySQL server version for the right syntax to use near 'WHERE `id` = 13' at line 1
 [ SQL语句 ] : UPDATE `tp_article` SET  WHERE `id` = 13

[ 2016-07-11T16:50:28+08:00 ] 127.0.0.1 /wgqproject/index.php/Backend/Info/sout.html?id=13
INFO: [ app_begin ] --START--
INFO: Run Behavior\ReadHtmlCacheBehavior [ RunTime:0.001095s ]
INFO: [ app_begin ] --END-- [ RunTime:0.001737s ]
SQL: SHOW COLUMNS FROM `tp_article` [ RunTime:0.0035s ]
SQL: SELECT * FROM `tp_article` WHERE `id` = 13 LIMIT 1   [ RunTime:0.0003s ]
NOTIC: [8] Undefined index: Isold D:\yourweb\wgqproject\Backend\Controller\InfoController.class.php 第 91 行.
NOTIC: [8] Undefined variable: set D:\yourweb\wgqproject\ThinkPHP\Library\Think\Db\Driver.class.php 第 387 行.
NOTIC: [2] implode() [<a href='function.implode'>function.implode</a>]: Invalid arguments passed D:\yourweb\wgqproject\ThinkPHP\Library\Think\Db\Driver.class.php 第 387 行.
ERR: 1064:You have an error in your SQL syntax; check the manual that corresponds to your MySQL server version for the right syntax to use near 'WHERE `id` = 13' at line 1
 [ SQL语句 ] : UPDATE `tp_article` SET  WHERE `id` = 13
ERR: 1064:You have an error in your SQL syntax; check the manual that corresponds to your MySQL server version for the right syntax to use near 'WHERE `id` = 13' at line 1
 [ SQL语句 ] : UPDATE `tp_article` SET  WHERE `id` = 13

[ 2016-07-11T16:50:28+08:00 ] 127.0.0.1 /wgqproject/index.php/Backend/Info/sout.html?id=13
INFO: [ app_begin ] --START--
INFO: Run Behavior\ReadHtmlCacheBehavior [ RunTime:0.000852s ]
INFO: [ app_begin ] --END-- [ RunTime:0.001326s ]
SQL: SHOW COLUMNS FROM `tp_article` [ RunTime:0.0034s ]
SQL: SELECT * FROM `tp_article` WHERE `id` = 13 LIMIT 1   [ RunTime:0.0003s ]
NOTIC: [8] Undefined index: Isold D:\yourweb\wgqproject\Backend\Controller\InfoController.class.php 第 91 行.
NOTIC: [8] Undefined variable: set D:\yourweb\wgqproject\ThinkPHP\Library\Think\Db\Driver.class.php 第 387 行.
NOTIC: [2] implode() [<a href='function.implode'>function.implode</a>]: Invalid arguments passed D:\yourweb\wgqproject\ThinkPHP\Library\Think\Db\Driver.class.php 第 387 行.
ERR: 1064:You have an error in your SQL syntax; check the manual that corresponds to your MySQL server version for the right syntax to use near 'WHERE `id` = 13' at line 1
 [ SQL语句 ] : UPDATE `tp_article` SET  WHERE `id` = 13
ERR: 1064:You have an error in your SQL syntax; check the manual that corresponds to your MySQL server version for the right syntax to use near 'WHERE `id` = 13' at line 1
 [ SQL语句 ] : UPDATE `tp_article` SET  WHERE `id` = 13

[ 2016-07-11T16:50:28+08:00 ] 127.0.0.1 /wgqproject/index.php/Backend/Info/sout.html?id=13
INFO: [ app_begin ] --START--
INFO: Run Behavior\ReadHtmlCacheBehavior [ RunTime:0.000892s ]
INFO: [ app_begin ] --END-- [ RunTime:0.001433s ]
SQL: SHOW COLUMNS FROM `tp_article` [ RunTime:0.0043s ]
SQL: SELECT * FROM `tp_article` WHERE `id` = 13 LIMIT 1   [ RunTime:0.0003s ]
NOTIC: [8] Undefined index: Isold D:\yourweb\wgqproject\Backend\Controller\InfoController.class.php 第 91 行.
NOTIC: [8] Undefined variable: set D:\yourweb\wgqproject\ThinkPHP\Library\Think\Db\Driver.class.php 第 387 行.
NOTIC: [2] implode() [<a href='function.implode'>function.implode</a>]: Invalid arguments passed D:\yourweb\wgqproject\ThinkPHP\Library\Think\Db\Driver.class.php 第 387 行.
ERR: 1064:You have an error in your SQL syntax; check the manual that corresponds to your MySQL server version for the right syntax to use near 'WHERE `id` = 13' at line 1
 [ SQL语句 ] : UPDATE `tp_article` SET  WHERE `id` = 13
ERR: 1064:You have an error in your SQL syntax; check the manual that corresponds to your MySQL server version for the right syntax to use near 'WHERE `id` = 13' at line 1
 [ SQL语句 ] : UPDATE `tp_article` SET  WHERE `id` = 13

[ 2016-07-11T16:50:29+08:00 ] 127.0.0.1 /wgqproject/index.php/Backend/Info/sout.html?id=13
INFO: [ app_begin ] --START--
INFO: Run Behavior\ReadHtmlCacheBehavior [ RunTime:0.001170s ]
INFO: [ app_begin ] --END-- [ RunTime:0.001918s ]
SQL: SHOW COLUMNS FROM `tp_article` [ RunTime:0.0047s ]
SQL: SELECT * FROM `tp_article` WHERE `id` = 13 LIMIT 1   [ RunTime:0.0003s ]
NOTIC: [8] Undefined index: Isold D:\yourweb\wgqproject\Backend\Controller\InfoController.class.php 第 91 行.
NOTIC: [8] Undefined variable: set D:\yourweb\wgqproject\ThinkPHP\Library\Think\Db\Driver.class.php 第 387 行.
NOTIC: [2] implode() [<a href='function.implode'>function.implode</a>]: Invalid arguments passed D:\yourweb\wgqproject\ThinkPHP\Library\Think\Db\Driver.class.php 第 387 行.
ERR: 1064:You have an error in your SQL syntax; check the manual that corresponds to your MySQL server version for the right syntax to use near 'WHERE `id` = 13' at line 1
 [ SQL语句 ] : UPDATE `tp_article` SET  WHERE `id` = 13
ERR: 1064:You have an error in your SQL syntax; check the manual that corresponds to your MySQL server version for the right syntax to use near 'WHERE `id` = 13' at line 1
 [ SQL语句 ] : UPDATE `tp_article` SET  WHERE `id` = 13

[ 2016-07-11T16:53:20+08:00 ] 127.0.0.1 /wgqproject/index.php/Backend/Info/sout.html?id=13
INFO: [ app_begin ] --START--
INFO: Run Behavior\ReadHtmlCacheBehavior [ RunTime:0.000936s ]
INFO: [ app_begin ] --END-- [ RunTime:0.001598s ]
SQL: SHOW COLUMNS FROM `tp_article` [ RunTime:0.0037s ]
SQL: SELECT * FROM `tp_article` WHERE `id` = 13 LIMIT 1   [ RunTime:0.0003s ]
NOTIC: [8] Undefined index: Isold D:\yourweb\wgqproject\Backend\Controller\InfoController.class.php 第 91 行.
NOTIC: [8] Undefined variable: set D:\yourweb\wgqproject\ThinkPHP\Library\Think\Db\Driver.class.php 第 387 行.
NOTIC: [2] implode() [<a href='function.implode'>function.implode</a>]: Invalid arguments passed D:\yourweb\wgqproject\ThinkPHP\Library\Think\Db\Driver.class.php 第 387 行.
ERR: 1064:You have an error in your SQL syntax; check the manual that corresponds to your MySQL server version for the right syntax to use near 'WHERE `id` = 13' at line 1
 [ SQL语句 ] : UPDATE `tp_article` SET  WHERE `id` = 13
ERR: 1064:You have an error in your SQL syntax; check the manual that corresponds to your MySQL server version for the right syntax to use near 'WHERE `id` = 13' at line 1
 [ SQL语句 ] : UPDATE `tp_article` SET  WHERE `id` = 13

[ 2016-07-11T16:53:21+08:00 ] 127.0.0.1 /wgqproject/index.php/Backend/Info/sout.html?id=13
INFO: [ app_begin ] --START--
INFO: Run Behavior\ReadHtmlCacheBehavior [ RunTime:0.001002s ]
INFO: [ app_begin ] --END-- [ RunTime:0.001728s ]
SQL: SHOW COLUMNS FROM `tp_article` [ RunTime:0.0038s ]
SQL: SELECT * FROM `tp_article` WHERE `id` = 13 LIMIT 1   [ RunTime:0.0003s ]
NOTIC: [8] Undefined index: Isold D:\yourweb\wgqproject\Backend\Controller\InfoController.class.php 第 91 行.
NOTIC: [8] Undefined variable: set D:\yourweb\wgqproject\ThinkPHP\Library\Think\Db\Driver.class.php 第 387 行.
NOTIC: [2] implode() [<a href='function.implode'>function.implode</a>]: Invalid arguments passed D:\yourweb\wgqproject\ThinkPHP\Library\Think\Db\Driver.class.php 第 387 行.
ERR: 1064:You have an error in your SQL syntax; check the manual that corresponds to your MySQL server version for the right syntax to use near 'WHERE `id` = 13' at line 1
 [ SQL语句 ] : UPDATE `tp_article` SET  WHERE `id` = 13
ERR: 1064:You have an error in your SQL syntax; check the manual that corresponds to your MySQL server version for the right syntax to use near 'WHERE `id` = 13' at line 1
 [ SQL语句 ] : UPDATE `tp_article` SET  WHERE `id` = 13

[ 2016-07-11T16:53:21+08:00 ] 127.0.0.1 /wgqproject/index.php/Backend/Info/sout.html?id=13
INFO: [ app_begin ] --START--
INFO: Run Behavior\ReadHtmlCacheBehavior [ RunTime:0.000975s ]
INFO: [ app_begin ] --END-- [ RunTime:0.001592s ]
SQL: SHOW COLUMNS FROM `tp_article` [ RunTime:0.0036s ]
SQL: SELECT * FROM `tp_article` WHERE `id` = 13 LIMIT 1   [ RunTime:0.0003s ]
NOTIC: [8] Undefined index: Isold D:\yourweb\wgqproject\Backend\Controller\InfoController.class.php 第 91 行.
NOTIC: [8] Undefined variable: set D:\yourweb\wgqproject\ThinkPHP\Library\Think\Db\Driver.class.php 第 387 行.
NOTIC: [2] implode() [<a href='function.implode'>function.implode</a>]: Invalid arguments passed D:\yourweb\wgqproject\ThinkPHP\Library\Think\Db\Driver.class.php 第 387 行.
ERR: 1064:You have an error in your SQL syntax; check the manual that corresponds to your MySQL server version for the right syntax to use near 'WHERE `id` = 13' at line 1
 [ SQL语句 ] : UPDATE `tp_article` SET  WHERE `id` = 13
ERR: 1064:You have an error in your SQL syntax; check the manual that corresponds to your MySQL server version for the right syntax to use near 'WHERE `id` = 13' at line 1
 [ SQL语句 ] : UPDATE `tp_article` SET  WHERE `id` = 13

[ 2016-07-11T16:53:21+08:00 ] 127.0.0.1 /wgqproject/index.php/Backend/Info/sout.html?id=13
INFO: [ app_begin ] --START--
INFO: Run Behavior\ReadHtmlCacheBehavior [ RunTime:0.002232s ]
INFO: [ app_begin ] --END-- [ RunTime:0.003127s ]
SQL: SHOW COLUMNS FROM `tp_article` [ RunTime:0.0047s ]
SQL: SELECT * FROM `tp_article` WHERE `id` = 13 LIMIT 1   [ RunTime:0.0002s ]
NOTIC: [8] Undefined index: Isold D:\yourweb\wgqproject\Backend\Controller\InfoController.class.php 第 91 行.
NOTIC: [8] Undefined variable: set D:\yourweb\wgqproject\ThinkPHP\Library\Think\Db\Driver.class.php 第 387 行.
NOTIC: [2] implode() [<a href='function.implode'>function.implode</a>]: Invalid arguments passed D:\yourweb\wgqproject\ThinkPHP\Library\Think\Db\Driver.class.php 第 387 行.
ERR: 1064:You have an error in your SQL syntax; check the manual that corresponds to your MySQL server version for the right syntax to use near 'WHERE `id` = 13' at line 1
 [ SQL语句 ] : UPDATE `tp_article` SET  WHERE `id` = 13
ERR: 1064:You have an error in your SQL syntax; check the manual that corresponds to your MySQL server version for the right syntax to use near 'WHERE `id` = 13' at line 1
 [ SQL语句 ] : UPDATE `tp_article` SET  WHERE `id` = 13

[ 2016-07-11T16:53:59+08:00 ] 127.0.0.1 /wgqproject/index.php/Backend/Info/sout.html?id=13
INFO: [ app_begin ] --START--
INFO: Run Behavior\ReadHtmlCacheBehavior [ RunTime:0.000854s ]
INFO: [ app_begin ] --END-- [ RunTime:0.001608s ]
INFO: [ app_end ] --START--
INFO: Run Behavior\ShowPageTraceBehavior [ RunTime:0.000739s ]
INFO: [ app_end ] --END-- [ RunTime:0.000826s ]

[ 2016-07-11T16:54:01+08:00 ] 127.0.0.1 /wgqproject/index.php/Backend/Info/sout.html?id=13
INFO: [ app_begin ] --START--
INFO: Run Behavior\ReadHtmlCacheBehavior [ RunTime:0.000625s ]
INFO: [ app_begin ] --END-- [ RunTime:0.001307s ]
INFO: [ app_end ] --START--
INFO: Run Behavior\ShowPageTraceBehavior [ RunTime:0.000738s ]
INFO: [ app_end ] --END-- [ RunTime:0.000813s ]

[ 2016-07-11T16:54:19+08:00 ] 127.0.0.1 /wgqproject/index.php/Backend/Info/sout.html?id=13
INFO: [ app_begin ] --START--
INFO: Run Behavior\ReadHtmlCacheBehavior [ RunTime:0.001449s ]
INFO: [ app_begin ] --END-- [ RunTime:0.002097s ]
INFO: [ app_end ] --START--
INFO: Run Behavior\ShowPageTraceBehavior [ RunTime:0.000885s ]
INFO: [ app_end ] --END-- [ RunTime:0.000971s ]

[ 2016-07-11T16:55:07+08:00 ] 127.0.0.1 /wgqproject/index.php/Backend/Info/sout.html?id=13
INFO: [ app_begin ] --START--
INFO: Run Behavior\ReadHtmlCacheBehavior [ RunTime:0.001084s ]
INFO: [ app_begin ] --END-- [ RunTime:0.001759s ]
INFO: [ app_end ] --START--
INFO: Run Behavior\ShowPageTraceBehavior [ RunTime:0.001018s ]
INFO: [ app_end ] --END-- [ RunTime:0.001112s ]

[ 2016-07-11T16:55:07+08:00 ] 127.0.0.1 /wgqproject/index.php/Backend/Info/sout.html?id=13
INFO: [ app_begin ] --START--
INFO: Run Behavior\ReadHtmlCacheBehavior [ RunTime:0.000969s ]
INFO: [ app_begin ] --END-- [ RunTime:0.001481s ]
INFO: [ app_end ] --START--
INFO: Run Behavior\ShowPageTraceBehavior [ RunTime:0.000861s ]
INFO: [ app_end ] --END-- [ RunTime:0.000940s ]

[ 2016-07-11T16:55:07+08:00 ] 127.0.0.1 /wgqproject/index.php/Backend/Info/sout.html?id=13
INFO: [ app_begin ] --START--
INFO: Run Behavior\ReadHtmlCacheBehavior [ RunTime:0.001275s ]
INFO: [ app_begin ] --END-- [ RunTime:0.002035s ]
INFO: [ app_end ] --START--
INFO: Run Behavior\ShowPageTraceBehavior [ RunTime:0.001347s ]
INFO: [ app_end ] --END-- [ RunTime:0.001476s ]

[ 2016-07-11T16:55:08+08:00 ] 127.0.0.1 /wgqproject/index.php/Backend/Info/sout.html?id=13
INFO: [ app_begin ] --START--
INFO: Run Behavior\ReadHtmlCacheBehavior [ RunTime:0.000949s ]
INFO: [ app_begin ] --END-- [ RunTime:0.001486s ]
INFO: [ app_end ] --START--
INFO: Run Behavior\ShowPageTraceBehavior [ RunTime:0.000852s ]
INFO: [ app_end ] --END-- [ RunTime:0.000926s ]

[ 2016-07-11T16:55:08+08:00 ] 127.0.0.1 /wgqproject/index.php/Backend/Info/sout.html?id=13
INFO: [ app_begin ] --START--
INFO: Run Behavior\ReadHtmlCacheBehavior [ RunTime:0.001007s ]
INFO: [ app_begin ] --END-- [ RunTime:0.001747s ]
INFO: [ app_end ] --START--
INFO: Run Behavior\ShowPageTraceBehavior [ RunTime:0.001212s ]
INFO: [ app_end ] --END-- [ RunTime:0.001314s ]

[ 2016-07-11T16:55:08+08:00 ] 127.0.0.1 /wgqproject/index.php/Backend/Info/sout.html?id=13
INFO: [ app_begin ] --START--
INFO: Run Behavior\ReadHtmlCacheBehavior [ RunTime:0.000984s ]
INFO: [ app_begin ] --END-- [ RunTime:0.001766s ]
INFO: [ app_end ] --START--
INFO: Run Behavior\ShowPageTraceBehavior [ RunTime:0.000894s ]
INFO: [ app_end ] --END-- [ RunTime:0.000964s ]

[ 2016-07-11T16:55:11+08:00 ] 127.0.0.1 /wgqproject/index.php/Backend/Info/sout.html?id=13
INFO: [ app_begin ] --START--
INFO: Run Behavior\ReadHtmlCacheBehavior [ RunTime:0.001010s ]
INFO: [ app_begin ] --END-- [ RunTime:0.001632s ]
INFO: [ app_end ] --START--
INFO: Run Behavior\ShowPageTraceBehavior [ RunTime:0.000987s ]
INFO: [ app_end ] --END-- [ RunTime:0.001071s ]

[ 2016-07-11T16:55:11+08:00 ] 127.0.0.1 /wgqproject/index.php/Backend/Info/sout.html?id=13
INFO: [ app_begin ] --START--
INFO: Run Behavior\ReadHtmlCacheBehavior [ RunTime:0.000865s ]
INFO: [ app_begin ] --END-- [ RunTime:0.001402s ]
INFO: [ app_end ] --START--
INFO: Run Behavior\ShowPageTraceBehavior [ RunTime:0.000928s ]
INFO: [ app_end ] --END-- [ RunTime:0.001027s ]

[ 2016-07-11T16:55:11+08:00 ] 127.0.0.1 /wgqproject/index.php/Backend/Info/sout.html?id=13
INFO: [ app_begin ] --START--
INFO: Run Behavior\ReadHtmlCacheBehavior [ RunTime:0.001026s ]
INFO: [ app_begin ] --END-- [ RunTime:0.001599s ]
INFO: [ app_end ] --START--
INFO: Run Behavior\ShowPageTraceBehavior [ RunTime:0.000942s ]
INFO: [ app_end ] --END-- [ RunTime:0.001040s ]

[ 2016-07-11T16:55:11+08:00 ] 127.0.0.1 /wgqproject/index.php/Backend/Info/sout.html?id=13
INFO: [ app_begin ] --START--
INFO: Run Behavior\ReadHtmlCacheBehavior [ RunTime:0.001274s ]
INFO: [ app_begin ] --END-- [ RunTime:0.002066s ]
INFO: [ app_end ] --START--
INFO: Run Behavior\ShowPageTraceBehavior [ RunTime:0.001237s ]
INFO: [ app_end ] --END-- [ RunTime:0.001359s ]

[ 2016-07-11T16:55:34+08:00 ] 127.0.0.1 /wgqproject/index.php/Backend/Info/sout.html?id=13
INFO: [ app_begin ] --START--
INFO: Run Behavior\ReadHtmlCacheBehavior [ RunTime:0.000866s ]
INFO: [ app_begin ] --END-- [ RunTime:0.001452s ]

[ 2016-07-11T16:55:34+08:00 ] 127.0.0.1 /wgqproject/index.php/Backend/Info/sout.html?id=13
INFO: [ app_begin ] --START--
INFO: Run Behavior\ReadHtmlCacheBehavior [ RunTime:0.001051s ]
INFO: [ app_begin ] --END-- [ RunTime:0.001751s ]

[ 2016-07-11T16:55:34+08:00 ] 127.0.0.1 /wgqproject/index.php/Backend/Info/sout.html?id=13
INFO: [ app_begin ] --START--
INFO: Run Behavior\ReadHtmlCacheBehavior [ RunTime:0.000964s ]
INFO: [ app_begin ] --END-- [ RunTime:0.001575s ]

[ 2016-07-11T16:55:44+08:00 ] 127.0.0.1 /wgqproject/index.php/Backend/Info/sout.html?id=13
INFO: [ app_begin ] --START--
INFO: Run Behavior\ReadHtmlCacheBehavior [ RunTime:0.001032s ]
INFO: [ app_begin ] --END-- [ RunTime:0.001566s ]

[ 2016-07-11T16:55:44+08:00 ] 127.0.0.1 /wgqproject/index.php/Backend/Info/sout.html?id=13
INFO: [ app_begin ] --START--
INFO: Run Behavior\ReadHtmlCacheBehavior [ RunTime:0.001126s ]
INFO: [ app_begin ] --END-- [ RunTime:0.001874s ]

[ 2016-07-11T16:55:44+08:00 ] 127.0.0.1 /wgqproject/index.php/Backend/Info/sout.html?id=13
INFO: [ app_begin ] --START--
INFO: Run Behavior\ReadHtmlCacheBehavior [ RunTime:0.001529s ]
INFO: [ app_begin ] --END-- [ RunTime:0.002121s ]

[ 2016-07-11T16:55:44+08:00 ] 127.0.0.1 /wgqproject/index.php/Backend/Info/sout.html?id=13
INFO: [ app_begin ] --START--
INFO: Run Behavior\ReadHtmlCacheBehavior [ RunTime:0.000884s ]
INFO: [ app_begin ] --END-- [ RunTime:0.001375s ]

[ 2016-07-11T16:56:11+08:00 ] 127.0.0.1 /wgqproject/index.php/Backend/Info/sout.html?id=13
INFO: [ app_begin ] --START--
INFO: Run Behavior\ReadHtmlCacheBehavior [ RunTime:0.000876s ]
INFO: [ app_begin ] --END-- [ RunTime:0.001383s ]
INFO: [ app_end ] --START--
INFO: Run Behavior\ShowPageTraceBehavior [ RunTime:0.000946s ]
INFO: [ app_end ] --END-- [ RunTime:0.001025s ]

[ 2016-07-11T16:56:12+08:00 ] 127.0.0.1 /wgqproject/index.php/Backend/Info/sout.html?id=13
INFO: [ app_begin ] --START--
INFO: Run Behavior\ReadHtmlCacheBehavior [ RunTime:0.001237s ]
INFO: [ app_begin ] --END-- [ RunTime:0.002254s ]
INFO: [ app_end ] --START--
INFO: Run Behavior\ShowPageTraceBehavior [ RunTime:0.001074s ]
INFO: [ app_end ] --END-- [ RunTime:0.001158s ]

[ 2016-07-11T16:56:12+08:00 ] 127.0.0.1 /wgqproject/index.php/Backend/Info/sout.html?id=13
INFO: [ app_begin ] --START--
INFO: Run Behavior\ReadHtmlCacheBehavior [ RunTime:0.000863s ]
INFO: [ app_begin ] --END-- [ RunTime:0.001408s ]
INFO: [ app_end ] --START--
INFO: Run Behavior\ShowPageTraceBehavior [ RunTime:0.000878s ]
INFO: [ app_end ] --END-- [ RunTime:0.000950s ]

[ 2016-07-11T16:56:12+08:00 ] 127.0.0.1 /wgqproject/index.php/Backend/Info/sout.html?id=13
INFO: [ app_begin ] --START--
INFO: Run Behavior\ReadHtmlCacheBehavior [ RunTime:0.001220s ]
INFO: [ app_begin ] --END-- [ RunTime:0.001848s ]
INFO: [ app_end ] --START--
INFO: Run Behavior\ShowPageTraceBehavior [ RunTime:0.001011s ]
INFO: [ app_end ] --END-- [ RunTime:0.001090s ]

[ 2016-07-11T16:56:13+08:00 ] 127.0.0.1 /wgqproject/index.php/Backend/Info/sout.html?id=13
INFO: [ app_begin ] --START--
INFO: Run Behavior\ReadHtmlCacheBehavior [ RunTime:0.001369s ]
INFO: [ app_begin ] --END-- [ RunTime:0.002183s ]
INFO: [ app_end ] --START--
INFO: Run Behavior\ShowPageTraceBehavior [ RunTime:0.001366s ]
INFO: [ app_end ] --END-- [ RunTime:0.001469s ]

[ 2016-07-11T16:56:13+08:00 ] 127.0.0.1 /wgqproject/index.php/Backend/Info/sout.html?id=13
INFO: [ app_begin ] --START--
INFO: Run Behavior\ReadHtmlCacheBehavior [ RunTime:0.001226s ]
INFO: [ app_begin ] --END-- [ RunTime:0.001884s ]
INFO: [ app_end ] --START--
INFO: Run Behavior\ShowPageTraceBehavior [ RunTime:0.001149s ]
INFO: [ app_end ] --END-- [ RunTime:0.001256s ]

[ 2016-07-11T16:57:41+08:00 ] 127.0.0.1 /wgqproject/index.php/Backend/Public/search.html?name=admin
INFO: [ app_begin ] --START--
INFO: Run Behavior\ReadHtmlCacheBehavior [ RunTime:0.001313s ]
INFO: [ app_begin ] --END-- [ RunTime:0.002087s ]
SQL: SHOW COLUMNS FROM `tp_user` [ RunTime:0.0046s ]
SQL: SELECT * FROM `tp_user` WHERE `username` = 'admin' LIMIT 1   [ RunTime:0.0005s ]
INFO: [ app_end ] --START--
INFO: Run Behavior\ShowPageTraceBehavior [ RunTime:0.001452s ]
INFO: [ app_end ] --END-- [ RunTime:0.001568s ]

[ 2016-07-11T16:58:30+08:00 ] 127.0.0.1 /wgqproject/index.php/Backend/Public/search.html?name=admin
INFO: [ app_begin ] --START--
INFO: Run Behavior\ReadHtmlCacheBehavior [ RunTime:0.001211s ]
INFO: [ app_begin ] --END-- [ RunTime:0.001999s ]
SQL: SHOW COLUMNS FROM `tp_user` [ RunTime:0.0069s ]
SQL: SELECT * FROM `tp_user` WHERE `username` = 'admin' LIMIT 1   [ RunTime:0.0005s ]
INFO: [ app_end ] --START--
INFO: Run Behavior\ShowPageTraceBehavior [ RunTime:0.001692s ]
INFO: [ app_end ] --END-- [ RunTime:0.001791s ]

[ 2016-07-11T16:58:54+08:00 ] 127.0.0.1 /wgqproject/index.php/Backend/Public/search.html?name=
INFO: [ app_begin ] --START--
INFO: Run Behavior\ReadHtmlCacheBehavior [ RunTime:0.000843s ]
INFO: [ app_begin ] --END-- [ RunTime:0.001376s ]
SQL: SHOW COLUMNS FROM `tp_user` [ RunTime:0.0042s ]
SQL: SELECT * FROM `tp_user` WHERE `username` = '' LIMIT 1   [ RunTime:0.0003s ]
INFO: [ app_end ] --START--
INFO: Run Behavior\ShowPageTraceBehavior [ RunTime:0.001049s ]
INFO: [ app_end ] --END-- [ RunTime:0.001126s ]

[ 2016-07-11T16:58:58+08:00 ] 127.0.0.1 /wgqproject/index.php/Backend/Public/search.html?name=admin
INFO: [ app_begin ] --START--
INFO: Run Behavior\ReadHtmlCacheBehavior [ RunTime:0.001339s ]
INFO: [ app_begin ] --END-- [ RunTime:0.002194s ]
SQL: SHOW COLUMNS FROM `tp_user` [ RunTime:0.0052s ]
SQL: SELECT * FROM `tp_user` WHERE `username` = 'admin' LIMIT 1   [ RunTime:0.0004s ]
INFO: [ app_end ] --START--
INFO: Run Behavior\ShowPageTraceBehavior [ RunTime:0.001462s ]
INFO: [ app_end ] --END-- [ RunTime:0.001581s ]

[ 2016-07-11T16:59:15+08:00 ] 127.0.0.1 /wgqproject/index.php/Backend/Public/search.html?name=admin
INFO: [ app_begin ] --START--
INFO: Run Behavior\ReadHtmlCacheBehavior [ RunTime:0.001616s ]
INFO: [ app_begin ] --END-- [ RunTime:0.002503s ]
SQL: SHOW COLUMNS FROM `tp_user` [ RunTime:0.0042s ]
SQL: SELECT * FROM `tp_user` WHERE `username` = 'admin' LIMIT 1   [ RunTime:0.0002s ]
INFO: [ app_end ] --START--
INFO: Run Behavior\ShowPageTraceBehavior [ RunTime:0.001332s ]
INFO: [ app_end ] --END-- [ RunTime:0.001456s ]

[ 2016-07-11T17:00:30+08:00 ] 127.0.0.1 /wgqproject/index.php/Backend/Info/sout.html?id=13
INFO: [ app_begin ] --START--
INFO: Run Behavior\ReadHtmlCacheBehavior [ RunTime:0.001027s ]
INFO: [ app_begin ] --END-- [ RunTime:0.001534s ]
INFO: [ app_end ] --START--
INFO: Run Behavior\ShowPageTraceBehavior [ RunTime:0.000907s ]
INFO: [ app_end ] --END-- [ RunTime:0.000986s ]

[ 2016-07-11T17:02:13+08:00 ] 127.0.0.1 /wgqproject/index.php/Backend/Info/sout.html?id=12
INFO: [ app_begin ] --START--
INFO: Run Behavior\ReadHtmlCacheBehavior [ RunTime:0.000980s ]
INFO: [ app_begin ] --END-- [ RunTime:0.001656s ]
INFO: [ app_end ] --START--
INFO: Run Behavior\ShowPageTraceBehavior [ RunTime:0.000724s ]
INFO: [ app_end ] --END-- [ RunTime:0.000805s ]

[ 2016-07-11T17:02:13+08:00 ] 127.0.0.1 /wgqproject/index.php/Backend/Info/sout.html?id=12
INFO: [ app_begin ] --START--
INFO: Run Behavior\ReadHtmlCacheBehavior [ RunTime:0.000652s ]
INFO: [ app_begin ] --END-- [ RunTime:0.001134s ]
INFO: [ app_end ] --START--
INFO: Run Behavior\ShowPageTraceBehavior [ RunTime:0.000632s ]
INFO: [ app_end ] --END-- [ RunTime:0.000709s ]

[ 2016-07-11T17:02:13+08:00 ] 127.0.0.1 /wgqproject/index.php/Backend/Info/sout.html?id=12
INFO: [ app_begin ] --START--
INFO: Run Behavior\ReadHtmlCacheBehavior [ RunTime:0.000622s ]
INFO: [ app_begin ] --END-- [ RunTime:0.001079s ]
INFO: [ app_end ] --START--
INFO: Run Behavior\ShowPageTraceBehavior [ RunTime:0.000650s ]
INFO: [ app_end ] --END-- [ RunTime:0.000717s ]

[ 2016-07-11T17:02:13+08:00 ] 127.0.0.1 /wgqproject/index.php/Backend/Info/sout.html?id=12
INFO: [ app_begin ] --START--
INFO: Run Behavior\ReadHtmlCacheBehavior [ RunTime:0.000643s ]
INFO: [ app_begin ] --END-- [ RunTime:0.001130s ]
INFO: [ app_end ] --START--
INFO: Run Behavior\ShowPageTraceBehavior [ RunTime:0.000608s ]
INFO: [ app_end ] --END-- [ RunTime:0.000687s ]

[ 2016-07-11T17:02:14+08:00 ] 127.0.0.1 /wgqproject/index.php/Backend/Info/sout.html?id=12
INFO: [ app_begin ] --START--
INFO: Run Behavior\ReadHtmlCacheBehavior [ RunTime:0.000604s ]
INFO: [ app_begin ] --END-- [ RunTime:0.001066s ]
INFO: [ app_end ] --START--
INFO: Run Behavior\ShowPageTraceBehavior [ RunTime:0.000953s ]
INFO: [ app_end ] --END-- [ RunTime:0.001073s ]

[ 2016-07-11T17:02:14+08:00 ] 127.0.0.1 /wgqproject/index.php/Backend/Info/sout.html?id=12
INFO: [ app_begin ] --START--
INFO: Run Behavior\ReadHtmlCacheBehavior [ RunTime:0.000813s ]
INFO: [ app_begin ] --END-- [ RunTime:0.001293s ]
INFO: [ app_end ] --START--
INFO: Run Behavior\ShowPageTraceBehavior [ RunTime:0.000695s ]
INFO: [ app_end ] --END-- [ RunTime:0.000775s ]

[ 2016-07-11T17:02:14+08:00 ] 127.0.0.1 /wgqproject/index.php/Backend/Info/sout.html?id=12
INFO: [ app_begin ] --START--
INFO: Run Behavior\ReadHtmlCacheBehavior [ RunTime:0.000649s ]
INFO: [ app_begin ] --END-- [ RunTime:0.001120s ]
INFO: [ app_end ] --START--
INFO: Run Behavior\ShowPageTraceBehavior [ RunTime:0.000654s ]
INFO: [ app_end ] --END-- [ RunTime:0.000770s ]

[ 2016-07-11T17:09:00+08:00 ] 127.0.0.1 /wgqproject/index.php/Backend/Info/haha.html?id=13
INFO: [ app_begin ] --START--
INFO: Run Behavior\ReadHtmlCacheBehavior [ RunTime:0.000866s ]
INFO: [ app_begin ] --END-- [ RunTime:0.001380s ]
INFO: [ app_end ] --START--
INFO: Run Behavior\ShowPageTraceBehavior [ RunTime:0.000861s ]
INFO: [ app_end ] --END-- [ RunTime:0.000930s ]

[ 2016-07-11T17:09:01+08:00 ] 127.0.0.1 /wgqproject/index.php/Backend/Info/haha.html?id=13
INFO: [ app_begin ] --START--
INFO: Run Behavior\ReadHtmlCacheBehavior [ RunTime:0.001428s ]
INFO: [ app_begin ] --END-- [ RunTime:0.001997s ]
INFO: [ app_end ] --START--
INFO: Run Behavior\ShowPageTraceBehavior [ RunTime:0.001432s ]
INFO: [ app_end ] --END-- [ RunTime:0.001565s ]

[ 2016-07-11T17:09:01+08:00 ] 127.0.0.1 /wgqproject/index.php/Backend/Info/haha.html?id=13
INFO: [ app_begin ] --START--
INFO: Run Behavior\ReadHtmlCacheBehavior [ RunTime:0.000932s ]
INFO: [ app_begin ] --END-- [ RunTime:0.001686s ]
INFO: [ app_end ] --START--
INFO: Run Behavior\ShowPageTraceBehavior [ RunTime:0.000938s ]
INFO: [ app_end ] --END-- [ RunTime:0.001006s ]

[ 2016-07-11T17:09:01+08:00 ] 127.0.0.1 /wgqproject/index.php/Backend/Info/haha.html?id=13
INFO: [ app_begin ] --START--
INFO: Run Behavior\ReadHtmlCacheBehavior [ RunTime:0.000887s ]
INFO: [ app_begin ] --END-- [ RunTime:0.001412s ]
INFO: [ app_end ] --START--
INFO: Run Behavior\ShowPageTraceBehavior [ RunTime:0.000919s ]
INFO: [ app_end ] --END-- [ RunTime:0.000997s ]

[ 2016-07-11T17:09:03+08:00 ] 127.0.0.1 /wgqproject/index.php/Backend/Info/haha.html?id=12
INFO: [ app_begin ] --START--
INFO: Run Behavior\ReadHtmlCacheBehavior [ RunTime:0.001215s ]
INFO: [ app_begin ] --END-- [ RunTime:0.001794s ]
INFO: [ app_end ] --START--
INFO: Run Behavior\ShowPageTraceBehavior [ RunTime:0.001123s ]
INFO: [ app_end ] --END-- [ RunTime:0.001241s ]

[ 2016-07-11T17:09:04+08:00 ] 127.0.0.1 /wgqproject/index.php/Backend/Info/haha.html?id=12
INFO: [ app_begin ] --START--
INFO: Run Behavior\ReadHtmlCacheBehavior [ RunTime:0.001261s ]
INFO: [ app_begin ] --END-- [ RunTime:0.002092s ]
INFO: [ app_end ] --START--
INFO: Run Behavior\ShowPageTraceBehavior [ RunTime:0.000899s ]
INFO: [ app_end ] --END-- [ RunTime:0.000977s ]

[ 2016-07-11T17:09:04+08:00 ] 127.0.0.1 /wgqproject/index.php/Backend/Info/haha.html?id=12
INFO: [ app_begin ] --START--
INFO: Run Behavior\ReadHtmlCacheBehavior [ RunTime:0.000954s ]
INFO: [ app_begin ] --END-- [ RunTime:0.001525s ]
INFO: [ app_end ] --START--
INFO: Run Behavior\ShowPageTraceBehavior [ RunTime:0.000880s ]
INFO: [ app_end ] --END-- [ RunTime:0.000949s ]

[ 2016-07-11T17:09:04+08:00 ] 127.0.0.1 /wgqproject/index.php/Backend/Info/haha.html?id=12
INFO: [ app_begin ] --START--
INFO: Run Behavior\ReadHtmlCacheBehavior [ RunTime:0.000929s ]
INFO: [ app_begin ] --END-- [ RunTime:0.001483s ]
INFO: [ app_end ] --START--
INFO: Run Behavior\ShowPageTraceBehavior [ RunTime:0.000898s ]
INFO: [ app_end ] --END-- [ RunTime:0.000969s ]

[ 2016-07-11T17:09:04+08:00 ] 127.0.0.1 /wgqproject/index.php/Backend/Info/haha.html?id=12
INFO: [ app_begin ] --START--
INFO: Run Behavior\ReadHtmlCacheBehavior [ RunTime:0.000871s ]
INFO: [ app_begin ] --END-- [ RunTime:0.001394s ]
INFO: [ app_end ] --START--
INFO: Run Behavior\ShowPageTraceBehavior [ RunTime:0.000853s ]
INFO: [ app_end ] --END-- [ RunTime:0.000922s ]

[ 2016-07-11T17:09:04+08:00 ] 127.0.0.1 /wgqproject/index.php/Backend/Info/haha.html?id=12
INFO: [ app_begin ] --START--
INFO: Run Behavior\ReadHtmlCacheBehavior [ RunTime:0.000996s ]
INFO: [ app_begin ] --END-- [ RunTime:0.001634s ]
INFO: [ app_end ] --START--
INFO: Run Behavior\ShowPageTraceBehavior [ RunTime:0.000984s ]
INFO: [ app_end ] --END-- [ RunTime:0.001077s ]

[ 2016-07-11T17:09:04+08:00 ] 127.0.0.1 /wgqproject/index.php/Backend/Info/haha.html?id=12
INFO: [ app_begin ] --START--
INFO: Run Behavior\ReadHtmlCacheBehavior [ RunTime:0.001303s ]
INFO: [ app_begin ] --END-- [ RunTime:0.001921s ]
INFO: [ app_end ] --START--
INFO: Run Behavior\ShowPageTraceBehavior [ RunTime:0.001410s ]
INFO: [ app_end ] --END-- [ RunTime:0.001541s ]

[ 2016-07-11T17:19:37+08:00 ] 127.0.0.1 /wgqproject/index.php/Backend/Info/haha/id/13
ERR: 1064:You have an error in your SQL syntax; check the manual that corresponds to your MySQL server version for the right syntax to use near 'WHERE `id` = 13' at line 1
 [ SQL语句 ] : UPDATE `tp_article` SET  WHERE `id` = 13

[ 2016-07-11T17:26:32+08:00 ] 127.0.0.1 /wgqproject/index.php/Backend/Info/haha/id/13
ERR: 1064:You have an error in your SQL syntax; check the manual that corresponds to your MySQL server version for the right syntax to use near 'WHERE `id` = 13' at line 1
 [ SQL语句 ] : UPDATE `tp_article` SET  WHERE `id` = 13

