[ 2016-07-08T13:24:05+08:00 ] 127.0.0.1 /wgqproject/index.php/backend/public/search.html
ERR: 非法操作:search

[ 2016-07-08T13:24:06+08:00 ] 127.0.0.1 /wgqproject/index.php/backend/public/search.html
ERR: 非法操作:search

[ 2016-07-08T13:24:07+08:00 ] 127.0.0.1 /wgqproject/index.php/backend/public/search.html
ERR: 非法操作:search

[ 2016-07-08T13:24:07+08:00 ] 127.0.0.1 /wgqproject/index.php/backend/public/search.html
ERR: 非法操作:search

[ 2016-07-08T13:24:08+08:00 ] 127.0.0.1 /wgqproject/index.php/backend/public/search.html
ERR: 非法操作:search

[ 2016-07-08T13:24:09+08:00 ] 127.0.0.1 /wgqproject/index.php/backend/public/search.html
ERR: 非法操作:search

[ 2016-07-08T13:24:09+08:00 ] 127.0.0.1 /wgqproject/index.php/backend/public/search.html
ERR: 非法操作:search

[ 2016-07-08T13:24:10+08:00 ] 127.0.0.1 /wgqproject/index.php/backend/public/search.html
ERR: 非法操作:search

[ 2016-07-08T13:24:10+08:00 ] 127.0.0.1 /wgqproject/index.php/backend/public/search.html
ERR: 非法操作:search

[ 2016-07-08T13:24:13+08:00 ] 127.0.0.1 /wgqproject/index.php/backend/public/search.html
ERR: 非法操作:search

[ 2016-07-08T13:24:14+08:00 ] 127.0.0.1 /wgqproject/index.php/backend/public/search.html
ERR: 非法操作:search

[ 2016-07-08T13:24:16+08:00 ] 127.0.0.1 /wgqproject/index.php/backend/public/search.html
ERR: 非法操作:search

[ 2016-07-08T13:35:25+08:00 ] 127.0.0.1 /wgqproject/index.php/backend/public/jjjj
ERR: 非法操作:jjjj

[ 2016-07-08T13:35:45+08:00 ] 127.0.0.1 /wgqproject/index.php/backend/public/jjjj
ERR: 非法操作:jjjj

[ 2016-07-08T13:42:00+08:00 ] 127.0.0.1 /wgqproject/index.php/Backend/Public/login.html
INFO: [ app_begin ] --START--
INFO: Run Behavior\ReadHtmlCacheBehavior [ RunTime:0.000746s ]
INFO: [ app_begin ] --END-- [ RunTime:0.001270s ]
INFO: [ view_parse ] --START--
INFO: [ template_filter ] --START--
INFO: Run Behavior\ContentReplaceBehavior [ RunTime:0.000131s ]
INFO: [ template_filter ] --END-- [ RunTime:0.000255s ]
NOTIC: [8] Use of undefined constant name - assumed 'name' D:\yourweb\wgqproject\Runtime\Cache\Backend\74dc19a3510c79d49fa9fc0095832269.php 第 30 行.
INFO: Run Behavior\ParseTemplateBehavior [ RunTime:0.011919s ]
INFO: [ view_parse ] --END-- [ RunTime:0.012036s ]
INFO: [ view_filter ] --START--
INFO: Run Behavior\WriteHtmlCacheBehavior [ RunTime:0.000574s ]
INFO: [ view_filter ] --END-- [ RunTime:0.000669s ]
INFO: [ app_end ] --START--
INFO: Run Behavior\ShowPageTraceBehavior [ RunTime:0.000983s ]
INFO: [ app_end ] --END-- [ RunTime:0.001093s ]

[ 2016-07-08T13:42:02+08:00 ] 127.0.0.1 /wgqproject/index.php/Backend/Public/login.html
INFO: [ app_begin ] --START--
INFO: Run Behavior\ReadHtmlCacheBehavior [ RunTime:0.000712s ]
INFO: [ app_begin ] --END-- [ RunTime:0.001218s ]
INFO: [ view_parse ] --START--
INFO: [ template_filter ] --START--
INFO: Run Behavior\ContentReplaceBehavior [ RunTime:0.000156s ]
INFO: [ template_filter ] --END-- [ RunTime:0.000360s ]
NOTIC: [8] Use of undefined constant name - assumed 'name' D:\yourweb\wgqproject\Runtime\Cache\Backend\74dc19a3510c79d49fa9fc0095832269.php 第 30 行.
INFO: Run Behavior\ParseTemplateBehavior [ RunTime:0.013588s ]
INFO: [ view_parse ] --END-- [ RunTime:0.013708s ]
INFO: [ view_filter ] --START--
INFO: Run Behavior\WriteHtmlCacheBehavior [ RunTime:0.000750s ]
INFO: [ view_filter ] --END-- [ RunTime:0.000850s ]
INFO: [ app_end ] --START--
INFO: Run Behavior\ShowPageTraceBehavior [ RunTime:0.001216s ]
INFO: [ app_end ] --END-- [ RunTime:0.001329s ]

[ 2016-07-08T13:42:15+08:00 ] 127.0.0.1 /wgqproject/index.php/Backend/Public/login.html
INFO: [ app_begin ] --START--
INFO: Run Behavior\ReadHtmlCacheBehavior [ RunTime:0.000866s ]
INFO: [ app_begin ] --END-- [ RunTime:0.001480s ]
INFO: [ view_parse ] --START--
INFO: [ template_filter ] --START--
INFO: Run Behavior\ContentReplaceBehavior [ RunTime:0.000087s ]
INFO: [ template_filter ] --END-- [ RunTime:0.000171s ]
NOTIC: [8] Use of undefined constant name - assumed 'name' D:\yourweb\wgqproject\Runtime\Cache\Backend\74dc19a3510c79d49fa9fc0095832269.php 第 30 行.
INFO: Run Behavior\ParseTemplateBehavior [ RunTime:0.010272s ]
INFO: [ view_parse ] --END-- [ RunTime:0.010354s ]
INFO: [ view_filter ] --START--
INFO: Run Behavior\WriteHtmlCacheBehavior [ RunTime:0.000350s ]
INFO: [ view_filter ] --END-- [ RunTime:0.000403s ]
INFO: [ app_end ] --START--
INFO: Run Behavior\ShowPageTraceBehavior [ RunTime:0.000605s ]
INFO: [ app_end ] --END-- [ RunTime:0.000662s ]

[ 2016-07-08T13:42:38+08:00 ] 127.0.0.1 /wgqproject/index.php/Backend/Public/login.html
INFO: [ app_begin ] --START--
INFO: Run Behavior\ReadHtmlCacheBehavior [ RunTime:0.000592s ]
INFO: [ app_begin ] --END-- [ RunTime:0.001024s ]
INFO: [ view_parse ] --START--
INFO: [ template_filter ] --START--
INFO: Run Behavior\ContentReplaceBehavior [ RunTime:0.000083s ]
INFO: [ template_filter ] --END-- [ RunTime:0.000166s ]
NOTIC: [8] Use of undefined constant name - assumed 'name' D:\yourweb\wgqproject\Runtime\Cache\Backend\74dc19a3510c79d49fa9fc0095832269.php 第 31 行.
INFO: Run Behavior\ParseTemplateBehavior [ RunTime:0.009797s ]
INFO: [ view_parse ] --END-- [ RunTime:0.009869s ]
INFO: [ view_filter ] --START--
INFO: Run Behavior\WriteHtmlCacheBehavior [ RunTime:0.000367s ]
INFO: [ view_filter ] --END-- [ RunTime:0.000424s ]
INFO: [ app_end ] --START--
INFO: Run Behavior\ShowPageTraceBehavior [ RunTime:0.000663s ]
INFO: [ app_end ] --END-- [ RunTime:0.000729s ]

[ 2016-07-08T13:42:57+08:00 ] 127.0.0.1 /wgqproject/index.php/Backend/Public/login.html
INFO: [ app_begin ] --START--
INFO: Run Behavior\ReadHtmlCacheBehavior [ RunTime:0.001211s ]
INFO: [ app_begin ] --END-- [ RunTime:0.002831s ]
INFO: [ view_parse ] --START--
INFO: [ template_filter ] --START--
INFO: Run Behavior\ContentReplaceBehavior [ RunTime:0.000131s ]
INFO: [ template_filter ] --END-- [ RunTime:0.000258s ]
NOTIC: [8] Use of undefined constant name - assumed 'name' D:\yourweb\wgqproject\Runtime\Cache\Backend\74dc19a3510c79d49fa9fc0095832269.php 第 31 行.
INFO: Run Behavior\ParseTemplateBehavior [ RunTime:0.012893s ]
INFO: [ view_parse ] --END-- [ RunTime:0.013113s ]
INFO: [ view_filter ] --START--
INFO: Run Behavior\WriteHtmlCacheBehavior [ RunTime:0.000506s ]
INFO: [ view_filter ] --END-- [ RunTime:0.000600s ]
INFO: [ app_end ] --START--
INFO: Run Behavior\ShowPageTraceBehavior [ RunTime:0.001482s ]
INFO: [ app_end ] --END-- [ RunTime:0.001601s ]

[ 2016-07-08T13:43:02+08:00 ] 127.0.0.1 /wgqproject/index.php/Backend/Public/login.html
INFO: [ app_begin ] --START--
INFO: Run Behavior\ReadHtmlCacheBehavior [ RunTime:0.000614s ]
INFO: [ app_begin ] --END-- [ RunTime:0.001055s ]
INFO: [ view_parse ] --START--
INFO: [ template_filter ] --START--
INFO: Run Behavior\ContentReplaceBehavior [ RunTime:0.000085s ]
INFO: [ template_filter ] --END-- [ RunTime:0.000199s ]
NOTIC: [8] Use of undefined constant name - assumed 'name' D:\yourweb\wgqproject\Runtime\Cache\Backend\74dc19a3510c79d49fa9fc0095832269.php 第 31 行.
INFO: Run Behavior\ParseTemplateBehavior [ RunTime:0.008556s ]
INFO: [ view_parse ] --END-- [ RunTime:0.008624s ]
INFO: [ view_filter ] --START--
INFO: Run Behavior\WriteHtmlCacheBehavior [ RunTime:0.000384s ]
INFO: [ view_filter ] --END-- [ RunTime:0.000441s ]
INFO: [ app_end ] --START--
INFO: Run Behavior\ShowPageTraceBehavior [ RunTime:0.000676s ]
INFO: [ app_end ] --END-- [ RunTime:0.000746s ]

[ 2016-07-08T13:44:35+08:00 ] 127.0.0.1 /wgqproject/index.php/backend/public/%7B'/wgqproject/index.php/Backend/Public/search/name/'+name%7D
INFO: [ app_begin ] --START--
INFO: Run Behavior\ReadHtmlCacheBehavior [ RunTime:0.000928s ]
INFO: [ app_begin ] --END-- [ RunTime:0.001600s ]
ERR: 非法操作:{'

[ 2016-07-08T13:44:37+08:00 ] 127.0.0.1 /wgqproject/index.php/backend/public/%7B'/wgqproject/index.php/Backend/Public/search/name/'+name%7D
INFO: [ app_begin ] --START--
INFO: Run Behavior\ReadHtmlCacheBehavior [ RunTime:0.000616s ]
INFO: [ app_begin ] --END-- [ RunTime:0.001085s ]
ERR: 非法操作:{'

[ 2016-07-08T13:44:38+08:00 ] 127.0.0.1 /wgqproject/index.php/backend/public/%7B'/wgqproject/index.php/Backend/Public/search/name/'+name%7D
INFO: [ app_begin ] --START--
INFO: Run Behavior\ReadHtmlCacheBehavior [ RunTime:0.000805s ]
INFO: [ app_begin ] --END-- [ RunTime:0.001398s ]
ERR: 非法操作:{'

[ 2016-07-08T13:44:38+08:00 ] 127.0.0.1 /wgqproject/index.php/backend/public/%7B'/wgqproject/index.php/Backend/Public/search/name/'+name%7D
INFO: [ app_begin ] --START--
INFO: Run Behavior\ReadHtmlCacheBehavior [ RunTime:0.000879s ]
INFO: [ app_begin ] --END-- [ RunTime:0.001461s ]
ERR: 非法操作:{'

[ 2016-07-08T13:44:39+08:00 ] 127.0.0.1 /wgqproject/index.php/backend/public/%7B'/wgqproject/index.php/Backend/Public/search/name/'+name%7D
INFO: [ app_begin ] --START--
INFO: Run Behavior\ReadHtmlCacheBehavior [ RunTime:0.001007s ]
INFO: [ app_begin ] --END-- [ RunTime:0.001923s ]
ERR: 非法操作:{'

[ 2016-07-08T13:44:39+08:00 ] 127.0.0.1 /wgqproject/index.php/backend/public/%7B'/wgqproject/index.php/Backend/Public/search/name/'+name%7D
INFO: [ app_begin ] --START--
INFO: Run Behavior\ReadHtmlCacheBehavior [ RunTime:0.000737s ]
INFO: [ app_begin ] --END-- [ RunTime:0.001288s ]
ERR: 非法操作:{'

[ 2016-07-08T13:44:51+08:00 ] 127.0.0.1 /wgqproject/index.php/backend/public/%7B'/wgqproject/index.php/Backend/Public/search/name/'+name%7D
INFO: [ app_begin ] --START--
INFO: Run Behavior\ReadHtmlCacheBehavior [ RunTime:0.000908s ]
INFO: [ app_begin ] --END-- [ RunTime:0.001593s ]
ERR: 非法操作:{'

[ 2016-07-08T13:44:52+08:00 ] 127.0.0.1 /wgqproject/index.php/backend/public/%7B'/wgqproject/index.php/Backend/Public/search/name/'+name%7D
INFO: [ app_begin ] --START--
INFO: Run Behavior\ReadHtmlCacheBehavior [ RunTime:0.000622s ]
INFO: [ app_begin ] --END-- [ RunTime:0.001159s ]
ERR: 非法操作:{'

[ 2016-07-08T13:44:53+08:00 ] 127.0.0.1 /wgqproject/index.php/backend/public/%7B'/wgqproject/index.php/Backend/Public/search/name/'+name%7D
INFO: [ app_begin ] --START--
INFO: Run Behavior\ReadHtmlCacheBehavior [ RunTime:0.001028s ]
INFO: [ app_begin ] --END-- [ RunTime:0.001547s ]
ERR: 非法操作:{'

[ 2016-07-08T13:44:54+08:00 ] 127.0.0.1 /wgqproject/index.php/backend/public/%7B'/wgqproject/index.php/Backend/Public/search/name/'+name%7D
INFO: [ app_begin ] --START--
INFO: Run Behavior\ReadHtmlCacheBehavior [ RunTime:0.000643s ]
INFO: [ app_begin ] --END-- [ RunTime:0.001088s ]
ERR: 非法操作:{'

[ 2016-07-08T13:44:54+08:00 ] 127.0.0.1 /wgqproject/index.php/backend/public/%7B'/wgqproject/index.php/Backend/Public/search/name/'+name%7D
INFO: [ app_begin ] --START--
INFO: Run Behavior\ReadHtmlCacheBehavior [ RunTime:0.000788s ]
INFO: [ app_begin ] --END-- [ RunTime:0.001238s ]
ERR: 非法操作:{'

[ 2016-07-08T13:44:55+08:00 ] 127.0.0.1 /wgqproject/index.php/backend/public/%7B'/wgqproject/index.php/Backend/Public/search/name/'+name%7D
INFO: [ app_begin ] --START--
INFO: Run Behavior\ReadHtmlCacheBehavior [ RunTime:0.000748s ]
INFO: [ app_begin ] --END-- [ RunTime:0.001239s ]
ERR: 非法操作:{'

[ 2016-07-08T13:44:57+08:00 ] 127.0.0.1 /wgqproject/index.php/backend/public/%7B'/wgqproject/index.php/Backend/Public/search/name/'+name%7D
INFO: [ app_begin ] --START--
INFO: Run Behavior\ReadHtmlCacheBehavior [ RunTime:0.000648s ]
INFO: [ app_begin ] --END-- [ RunTime:0.001085s ]
ERR: 非法操作:{'

[ 2016-07-08T13:45:15+08:00 ] 127.0.0.1 /wgqproject/index.php/backend/public/%7B'/wgqproject/index.php/Backend/Public/search/name/'+name%7D
INFO: [ app_begin ] --START--
INFO: Run Behavior\ReadHtmlCacheBehavior [ RunTime:0.001055s ]
INFO: [ app_begin ] --END-- [ RunTime:0.001777s ]
ERR: 非法操作:{'

[ 2016-07-08T13:47:35+08:00 ] 127.0.0.1 /wgqproject/index.php/Backend/Public/search.html
INFO: [ app_begin ] --START--
INFO: Run Behavior\ReadHtmlCacheBehavior [ RunTime:0.000891s ]
INFO: [ app_begin ] --END-- [ RunTime:0.001527s ]
INFO: [ app_end ] --START--
INFO: Run Behavior\ShowPageTraceBehavior [ RunTime:0.000904s ]
INFO: [ app_end ] --END-- [ RunTime:0.001014s ]

[ 2016-07-08T13:47:37+08:00 ] 127.0.0.1 /wgqproject/index.php/Backend/Public/search.html
INFO: [ app_begin ] --START--
INFO: Run Behavior\ReadHtmlCacheBehavior [ RunTime:0.000599s ]
INFO: [ app_begin ] --END-- [ RunTime:0.001047s ]
INFO: [ app_end ] --START--
INFO: Run Behavior\ShowPageTraceBehavior [ RunTime:0.000604s ]
INFO: [ app_end ] --END-- [ RunTime:0.000674s ]

[ 2016-07-08T13:50:57+08:00 ] 127.0.0.1 /wgqproject/index.php/Backend/Public/search.html?name=%E5%A4%A7%E5%A4%A7%E7%9A%84
INFO: [ app_begin ] --START--
INFO: Run Behavior\ReadHtmlCacheBehavior [ RunTime:0.000634s ]
INFO: [ app_begin ] --END-- [ RunTime:0.001139s ]
INFO: [ app_end ] --START--
INFO: Run Behavior\ShowPageTraceBehavior [ RunTime:0.000610s ]
INFO: [ app_end ] --END-- [ RunTime:0.000684s ]

[ 2016-07-08T13:50:59+08:00 ] 127.0.0.1 /wgqproject/index.php/Backend/Public/search.html?name=%E5%A4%A7%E5%A4%A7%E7%9A%84
INFO: [ app_begin ] --START--
INFO: Run Behavior\ReadHtmlCacheBehavior [ RunTime:0.001110s ]
INFO: [ app_begin ] --END-- [ RunTime:0.002080s ]
INFO: [ app_end ] --START--
INFO: Run Behavior\ShowPageTraceBehavior [ RunTime:0.001003s ]
INFO: [ app_end ] --END-- [ RunTime:0.001113s ]

[ 2016-07-08T13:52:29+08:00 ] 127.0.0.1 /wgqproject/index.php/Backend/Public/search.html?name=%E5%8F%8D%E5%8F%8D%E5%A4%8D%E5%A4%8D
INFO: [ app_begin ] --START--
INFO: Run Behavior\ReadHtmlCacheBehavior [ RunTime:0.001274s ]
INFO: [ app_begin ] --END-- [ RunTime:0.002069s ]
INFO: [ app_end ] --START--
INFO: Run Behavior\ShowPageTraceBehavior [ RunTime:0.000920s ]
INFO: [ app_end ] --END-- [ RunTime:0.001033s ]

[ 2016-07-08T13:54:12+08:00 ] 127.0.0.1 /wgqproject/index.php/Backend/Public/search.html?name=%E5%8F%8D%E5%8F%8D%E5%A4%8D%E5%A4%8D
INFO: [ app_begin ] --START--
INFO: Run Behavior\ReadHtmlCacheBehavior [ RunTime:0.001650s ]
INFO: [ app_begin ] --END-- [ RunTime:0.002440s ]
SQL: SHOW COLUMNS FROM `tp_user` [ RunTime:0.1772s ]
INFO: [ app_end ] --START--
INFO: Run Behavior\ShowPageTraceBehavior [ RunTime:0.001583s ]
INFO: [ app_end ] --END-- [ RunTime:0.001766s ]

[ 2016-07-08T13:55:42+08:00 ] 127.0.0.1 /wgqproject/index.php/Backend/Public/search.html?name=%E5%8F%8D%E5%8F%8D%E5%A4%8D%E5%A4%8D
INFO: [ app_begin ] --START--
INFO: Run Behavior\ReadHtmlCacheBehavior [ RunTime:0.000594s ]
INFO: [ app_begin ] --END-- [ RunTime:0.001041s ]
SQL: SHOW COLUMNS FROM `tp_user` [ RunTime:0.0049s ]
SQL: SELECT * FROM `tp_user` WHERE `username` = '反反复复' LIMIT 1   [ RunTime:0.0004s ]
INFO: [ app_end ] --START--
INFO: Run Behavior\ShowPageTraceBehavior [ RunTime:0.001057s ]
INFO: [ app_end ] --END-- [ RunTime:0.001156s ]

[ 2016-07-08T13:55:45+08:00 ] 127.0.0.1 /wgqproject/index.php/Backend/Public/search.html?name=%E5%8F%8D%E5%8F%8D%E5%A4%8D%E5%A4%8D
INFO: [ app_begin ] --START--
INFO: Run Behavior\ReadHtmlCacheBehavior [ RunTime:0.000599s ]
INFO: [ app_begin ] --END-- [ RunTime:0.001039s ]
SQL: SHOW COLUMNS FROM `tp_user` [ RunTime:0.0062s ]
SQL: SELECT * FROM `tp_user` WHERE `username` = '反反复复' LIMIT 1   [ RunTime:0.0004s ]
INFO: [ app_end ] --START--
INFO: Run Behavior\ShowPageTraceBehavior [ RunTime:0.001297s ]
INFO: [ app_end ] --END-- [ RunTime:0.001448s ]

[ 2016-07-08T13:57:40+08:00 ] 127.0.0.1 /wgqproject/index.php/Backend/Public/search.html?name=%E5%8F%8D%E5%8F%8D%E5%A4%8D%E5%A4%8D
INFO: [ app_begin ] --START--
INFO: Run Behavior\ReadHtmlCacheBehavior [ RunTime:0.000819s ]
INFO: [ app_begin ] --END-- [ RunTime:0.001344s ]
SQL: SHOW COLUMNS FROM `tp_user` [ RunTime:0.0061s ]
SQL: SELECT * FROM `tp_user` WHERE `username` = '反反复复' LIMIT 1   [ RunTime:0.0003s ]
INFO: [ app_end ] --START--
INFO: Run Behavior\ShowPageTraceBehavior [ RunTime:0.000953s ]
INFO: [ app_end ] --END-- [ RunTime:0.001022s ]

[ 2016-07-08T14:02:44+08:00 ] 127.0.0.1 /wgqproject/index.php/Backend/Public/search.html?name=%E5%8F%8D%E5%8F%8D%E5%A4%8D%E5%A4%8D
INFO: [ app_begin ] --START--
INFO: Run Behavior\ReadHtmlCacheBehavior [ RunTime:0.000710s ]
INFO: [ app_begin ] --END-- [ RunTime:0.001188s ]
SQL: SHOW COLUMNS FROM `tp_user` [ RunTime:0.0082s ]
SQL: SELECT * FROM `tp_user` WHERE `username` = '反反复复' LIMIT 1   [ RunTime:0.0012s ]
INFO: [ app_end ] --START--
INFO: Run Behavior\ShowPageTraceBehavior [ RunTime:0.001275s ]
INFO: [ app_end ] --END-- [ RunTime:0.001383s ]

[ 2016-07-08T14:02:46+08:00 ] 127.0.0.1 /wgqproject/index.php/Backend/Public/search.html?name=%E5%8F%8D%E5%8F%8D%E5%A4%8D%E5%A4%8D
INFO: [ app_begin ] --START--
INFO: Run Behavior\ReadHtmlCacheBehavior [ RunTime:0.000638s ]
INFO: [ app_begin ] --END-- [ RunTime:0.001131s ]
SQL: SHOW COLUMNS FROM `tp_user` [ RunTime:0.0049s ]
SQL: SELECT * FROM `tp_user` WHERE `username` = '反反复复' LIMIT 1   [ RunTime:0.0003s ]
INFO: [ app_end ] --START--
INFO: Run Behavior\ShowPageTraceBehavior [ RunTime:0.000852s ]
INFO: [ app_end ] --END-- [ RunTime:0.000939s ]

[ 2016-07-08T14:02:55+08:00 ] 127.0.0.1 /wgqproject/index.php/Backend/Public/search.html?name=%E5%8F%8D%E5%8F%8D%E5%A4%8D%E5%A4%8D
INFO: [ app_begin ] --START--
INFO: Run Behavior\ReadHtmlCacheBehavior [ RunTime:0.000606s ]
INFO: [ app_begin ] --END-- [ RunTime:0.001056s ]
SQL: SHOW COLUMNS FROM `tp_user` [ RunTime:0.0061s ]
SQL: SELECT * FROM `tp_user` WHERE `username` = '反反复复' LIMIT 1   [ RunTime:0.0004s ]
INFO: [ app_end ] --START--
INFO: Run Behavior\ShowPageTraceBehavior [ RunTime:0.001131s ]
INFO: [ app_end ] --END-- [ RunTime:0.001246s ]

[ 2016-07-08T14:02:56+08:00 ] 127.0.0.1 /wgqproject/index.php/Backend/Public/search.html?name=%E5%8F%8D%E5%8F%8D%E5%A4%8D%E5%A4%8D
INFO: [ app_begin ] --START--
INFO: Run Behavior\ReadHtmlCacheBehavior [ RunTime:0.000621s ]
INFO: [ app_begin ] --END-- [ RunTime:0.001088s ]
SQL: SHOW COLUMNS FROM `tp_user` [ RunTime:0.0040s ]
SQL: SELECT * FROM `tp_user` WHERE `username` = '反反复复' LIMIT 1   [ RunTime:0.0002s ]
INFO: [ app_end ] --START--
INFO: Run Behavior\ShowPageTraceBehavior [ RunTime:0.000754s ]
INFO: [ app_end ] --END-- [ RunTime:0.000841s ]

[ 2016-07-08T14:02:57+08:00 ] 127.0.0.1 /wgqproject/index.php/Backend/Public/search.html?name=%E5%8F%8D%E5%8F%8D%E5%A4%8D%E5%A4%8D
INFO: [ app_begin ] --START--
INFO: Run Behavior\ReadHtmlCacheBehavior [ RunTime:0.000641s ]
INFO: [ app_begin ] --END-- [ RunTime:0.001109s ]
SQL: SHOW COLUMNS FROM `tp_user` [ RunTime:0.0040s ]
SQL: SELECT * FROM `tp_user` WHERE `username` = '反反复复' LIMIT 1   [ RunTime:0.0003s ]
INFO: [ app_end ] --START--
INFO: Run Behavior\ShowPageTraceBehavior [ RunTime:0.000907s ]
INFO: [ app_end ] --END-- [ RunTime:0.000978s ]

[ 2016-07-08T14:02:58+08:00 ] 127.0.0.1 /wgqproject/index.php/Backend/Public/search.html?name=%E5%8F%8D%E5%8F%8D%E5%A4%8D%E5%A4%8D
INFO: [ app_begin ] --START--
INFO: Run Behavior\ReadHtmlCacheBehavior [ RunTime:0.000618s ]
INFO: [ app_begin ] --END-- [ RunTime:0.001109s ]
SQL: SHOW COLUMNS FROM `tp_user` [ RunTime:0.0047s ]
SQL: SELECT * FROM `tp_user` WHERE `username` = '反反复复' LIMIT 1   [ RunTime:0.0003s ]
INFO: [ app_end ] --START--
INFO: Run Behavior\ShowPageTraceBehavior [ RunTime:0.001101s ]
INFO: [ app_end ] --END-- [ RunTime:0.001215s ]

[ 2016-07-08T14:04:44+08:00 ] 127.0.0.1 /wgqproject/index.php/Backend/Public/search.html?name=%E5%8F%8D%E5%8F%8D%E5%A4%8D%E5%A4%8D
INFO: [ app_begin ] --START--
INFO: Run Behavior\ReadHtmlCacheBehavior [ RunTime:0.000656s ]
INFO: [ app_begin ] --END-- [ RunTime:0.001215s ]
SQL: SHOW COLUMNS FROM `tp_user` [ RunTime:0.0065s ]
SQL: SELECT * FROM `tp_user` WHERE `username` = '反反复复' LIMIT 1   [ RunTime:0.0006s ]
INFO: [ app_end ] --START--
INFO: Run Behavior\ShowPageTraceBehavior [ RunTime:0.000771s ]
INFO: [ app_end ] --END-- [ RunTime:0.000841s ]

[ 2016-07-08T14:04:46+08:00 ] 127.0.0.1 /wgqproject/index.php/Backend/Public/search.html?name=%E5%8F%8D%E5%8F%8D%E5%A4%8D%E5%A4%8D
INFO: [ app_begin ] --START--
INFO: Run Behavior\ReadHtmlCacheBehavior [ RunTime:0.000740s ]
INFO: [ app_begin ] --END-- [ RunTime:0.001270s ]
SQL: SHOW COLUMNS FROM `tp_user` [ RunTime:0.0038s ]
SQL: SELECT * FROM `tp_user` WHERE `username` = '反反复复' LIMIT 1   [ RunTime:0.0003s ]
INFO: [ app_end ] --START--
INFO: Run Behavior\ShowPageTraceBehavior [ RunTime:0.000909s ]
INFO: [ app_end ] --END-- [ RunTime:0.000997s ]

[ 2016-07-08T14:04:47+08:00 ] 127.0.0.1 /wgqproject/index.php/Backend/Public/search.html?name=%E5%8F%8D%E5%8F%8D%E5%A4%8D%E5%A4%8D
INFO: [ app_begin ] --START--
INFO: Run Behavior\ReadHtmlCacheBehavior [ RunTime:0.000914s ]
INFO: [ app_begin ] --END-- [ RunTime:0.001587s ]
SQL: SHOW COLUMNS FROM `tp_user` [ RunTime:0.0077s ]
SQL: SELECT * FROM `tp_user` WHERE `username` = '反反复复' LIMIT 1   [ RunTime:0.0004s ]
INFO: [ app_end ] --START--
INFO: Run Behavior\ShowPageTraceBehavior [ RunTime:0.001084s ]
INFO: [ app_end ] --END-- [ RunTime:0.001200s ]

[ 2016-07-08T14:05:29+08:00 ] 127.0.0.1 /wgqproject/index.php/Backend/Public/search.html?name=%E5%8F%8D%E5%8F%8D%E5%A4%8D%E5%A4%8D
INFO: [ app_begin ] --START--
INFO: Run Behavior\ReadHtmlCacheBehavior [ RunTime:0.000987s ]
INFO: [ app_begin ] --END-- [ RunTime:0.002262s ]
SQL: SHOW COLUMNS FROM `tp_user` [ RunTime:0.0062s ]
SQL: SELECT * FROM `tp_user` WHERE `username` = '反反复复' LIMIT 1   [ RunTime:0.0003s ]
INFO: [ app_end ] --START--
INFO: Run Behavior\ShowPageTraceBehavior [ RunTime:0.000738s ]
INFO: [ app_end ] --END-- [ RunTime:0.000821s ]

[ 2016-07-08T14:05:30+08:00 ] 127.0.0.1 /wgqproject/index.php/Backend/Public/search.html?name=%E5%8F%8D%E5%8F%8D%E5%A4%8D%E5%A4%8D
INFO: [ app_begin ] --START--
INFO: Run Behavior\ReadHtmlCacheBehavior [ RunTime:0.000972s ]
INFO: [ app_begin ] --END-- [ RunTime:0.001735s ]
SQL: SHOW COLUMNS FROM `tp_user` [ RunTime:0.0056s ]
SQL: SELECT * FROM `tp_user` WHERE `username` = '反反复复' LIMIT 1   [ RunTime:0.0003s ]
INFO: [ app_end ] --START--
INFO: Run Behavior\ShowPageTraceBehavior [ RunTime:0.001129s ]
INFO: [ app_end ] --END-- [ RunTime:0.001250s ]

[ 2016-07-08T14:05:31+08:00 ] 127.0.0.1 /wgqproject/index.php/Backend/Public/search.html?name=%E5%8F%8D%E5%8F%8D%E5%A4%8D%E5%A4%8D
INFO: [ app_begin ] --START--
INFO: Run Behavior\ReadHtmlCacheBehavior [ RunTime:0.001106s ]
INFO: [ app_begin ] --END-- [ RunTime:0.001845s ]
SQL: SHOW COLUMNS FROM `tp_user` [ RunTime:0.0051s ]
SQL: SELECT * FROM `tp_user` WHERE `username` = '反反复复' LIMIT 1   [ RunTime:0.0002s ]
INFO: [ app_end ] --START--
INFO: Run Behavior\ShowPageTraceBehavior [ RunTime:0.000717s ]
INFO: [ app_end ] --END-- [ RunTime:0.000789s ]

[ 2016-07-08T14:05:32+08:00 ] 127.0.0.1 /wgqproject/index.php/Backend/Public/search.html?name=%E5%8F%8D%E5%8F%8D%E5%A4%8D%E5%A4%8D
INFO: [ app_begin ] --START--
INFO: Run Behavior\ReadHtmlCacheBehavior [ RunTime:0.000604s ]
INFO: [ app_begin ] --END-- [ RunTime:0.001051s ]
SQL: SHOW COLUMNS FROM `tp_user` [ RunTime:0.0062s ]
SQL: SELECT * FROM `tp_user` WHERE `username` = '反反复复' LIMIT 1   [ RunTime:0.0004s ]
INFO: [ app_end ] --START--
INFO: Run Behavior\ShowPageTraceBehavior [ RunTime:0.000870s ]
INFO: [ app_end ] --END-- [ RunTime:0.000956s ]

[ 2016-07-08T14:05:47+08:00 ] 127.0.0.1 /wgqproject/index.php/Backend/Public/search.html?name=%E5%8F%8D%E5%8F%8D%E5%A4%8D%E5%A4%8D
INFO: [ app_begin ] --START--
INFO: Run Behavior\ReadHtmlCacheBehavior [ RunTime:0.001057s ]
INFO: [ app_begin ] --END-- [ RunTime:0.002197s ]
SQL: SHOW COLUMNS FROM `tp_user` [ RunTime:0.0053s ]
SQL: SELECT * FROM `tp_user` WHERE `username` = '反反复复' LIMIT 1   [ RunTime:0.0003s ]
INFO: [ app_end ] --START--
INFO: Run Behavior\ShowPageTraceBehavior [ RunTime:0.000786s ]
INFO: [ app_end ] --END-- [ RunTime:0.000863s ]

[ 2016-07-08T14:05:48+08:00 ] 127.0.0.1 /wgqproject/index.php/Backend/Public/search.html?name=%E5%8F%8D%E5%8F%8D%E5%A4%8D%E5%A4%8D
INFO: [ app_begin ] --START--
INFO: Run Behavior\ReadHtmlCacheBehavior [ RunTime:0.000631s ]
INFO: [ app_begin ] --END-- [ RunTime:0.001168s ]
SQL: SHOW COLUMNS FROM `tp_user` [ RunTime:0.0046s ]
SQL: SELECT * FROM `tp_user` WHERE `username` = '反反复复' LIMIT 1   [ RunTime:0.0003s ]
INFO: [ app_end ] --START--
INFO: Run Behavior\ShowPageTraceBehavior [ RunTime:0.000763s ]
INFO: [ app_end ] --END-- [ RunTime:0.000836s ]

[ 2016-07-08T14:05:49+08:00 ] 127.0.0.1 /wgqproject/index.php/Backend/Public/search.html?name=%E5%8F%8D%E5%8F%8D%E5%A4%8D%E5%A4%8D
INFO: [ app_begin ] --START--
INFO: Run Behavior\ReadHtmlCacheBehavior [ RunTime:0.000689s ]
INFO: [ app_begin ] --END-- [ RunTime:0.001255s ]
SQL: SHOW COLUMNS FROM `tp_user` [ RunTime:0.0039s ]
SQL: SELECT * FROM `tp_user` WHERE `username` = '反反复复' LIMIT 1   [ RunTime:0.0006s ]
INFO: [ app_end ] --START--
INFO: Run Behavior\ShowPageTraceBehavior [ RunTime:0.001395s ]
INFO: [ app_end ] --END-- [ RunTime:0.001521s ]

[ 2016-07-08T14:05:49+08:00 ] 127.0.0.1 /wgqproject/index.php/Backend/Public/search.html?name=%E5%8F%8D%E5%8F%8D%E5%A4%8D%E5%A4%8D
INFO: [ app_begin ] --START--
INFO: Run Behavior\ReadHtmlCacheBehavior [ RunTime:0.000621s ]
INFO: [ app_begin ] --END-- [ RunTime:0.001081s ]
SQL: SHOW COLUMNS FROM `tp_user` [ RunTime:0.0041s ]
SQL: SELECT * FROM `tp_user` WHERE `username` = '反反复复' LIMIT 1   [ RunTime:0.0002s ]
INFO: [ app_end ] --START--
INFO: Run Behavior\ShowPageTraceBehavior [ RunTime:0.000729s ]
INFO: [ app_end ] --END-- [ RunTime:0.000794s ]

[ 2016-07-08T14:05:50+08:00 ] 127.0.0.1 /wgqproject/index.php/Backend/Public/search.html?name=%E5%8F%8D%E5%8F%8D%E5%A4%8D%E5%A4%8D
INFO: [ app_begin ] --START--
INFO: Run Behavior\ReadHtmlCacheBehavior [ RunTime:0.000915s ]
INFO: [ app_begin ] --END-- [ RunTime:0.001450s ]
SQL: SHOW COLUMNS FROM `tp_user` [ RunTime:0.0057s ]
SQL: SELECT * FROM `tp_user` WHERE `username` = '反反复复' LIMIT 1   [ RunTime:0.0003s ]
INFO: [ app_end ] --START--
INFO: Run Behavior\ShowPageTraceBehavior [ RunTime:0.000862s ]
INFO: [ app_end ] --END-- [ RunTime:0.000932s ]

[ 2016-07-08T14:05:51+08:00 ] 127.0.0.1 /wgqproject/index.php/Backend/Public/search.html?name=%E5%8F%8D%E5%8F%8D%E5%A4%8D%E5%A4%8D
INFO: [ app_begin ] --START--
INFO: Run Behavior\ReadHtmlCacheBehavior [ RunTime:0.000642s ]
INFO: [ app_begin ] --END-- [ RunTime:0.001142s ]
SQL: SHOW COLUMNS FROM `tp_user` [ RunTime:0.0046s ]
SQL: SELECT * FROM `tp_user` WHERE `username` = '反反复复' LIMIT 1   [ RunTime:0.0003s ]
INFO: [ app_end ] --START--
INFO: Run Behavior\ShowPageTraceBehavior [ RunTime:0.001047s ]
INFO: [ app_end ] --END-- [ RunTime:0.001156s ]

[ 2016-07-08T14:05:52+08:00 ] 127.0.0.1 /wgqproject/index.php/Backend/Public/search.html?name=%E5%8F%8D%E5%8F%8D%E5%A4%8D%E5%A4%8D
INFO: [ app_begin ] --START--
INFO: Run Behavior\ReadHtmlCacheBehavior [ RunTime:0.000590s ]
INFO: [ app_begin ] --END-- [ RunTime:0.001020s ]
SQL: SHOW COLUMNS FROM `tp_user` [ RunTime:0.0065s ]
SQL: SELECT * FROM `tp_user` WHERE `username` = '反反复复' LIMIT 1   [ RunTime:0.0003s ]
INFO: [ app_end ] --START--
INFO: Run Behavior\ShowPageTraceBehavior [ RunTime:0.001044s ]
INFO: [ app_end ] --END-- [ RunTime:0.001153s ]

[ 2016-07-08T14:05:52+08:00 ] 127.0.0.1 /wgqproject/index.php/Backend/Public/search.html?name=%E5%8F%8D%E5%8F%8D%E5%A4%8D%E5%A4%8D
INFO: [ app_begin ] --START--
INFO: Run Behavior\ReadHtmlCacheBehavior [ RunTime:0.000605s ]
INFO: [ app_begin ] --END-- [ RunTime:0.001033s ]
SQL: SHOW COLUMNS FROM `tp_user` [ RunTime:0.0050s ]
SQL: SELECT * FROM `tp_user` WHERE `username` = '反反复复' LIMIT 1   [ RunTime:0.0008s ]
INFO: [ app_end ] --START--
INFO: Run Behavior\ShowPageTraceBehavior [ RunTime:0.000733s ]
INFO: [ app_end ] --END-- [ RunTime:0.000800s ]

[ 2016-07-08T14:06:14+08:00 ] 127.0.0.1 /wgqproject/index.php/Backend/Public/search.html?name=%E5%8F%8D%E5%8F%8D%E5%A4%8D%E5%A4%8D
INFO: [ app_begin ] --START--
INFO: Run Behavior\ReadHtmlCacheBehavior [ RunTime:0.001003s ]
INFO: [ app_begin ] --END-- [ RunTime:0.001779s ]
SQL: SHOW COLUMNS FROM `tp_user` [ RunTime:0.0052s ]
SQL: SELECT * FROM `tp_user` WHERE `username` = '反反复复' LIMIT 1   [ RunTime:0.0007s ]
INFO: [ app_end ] --START--
INFO: Run Behavior\ShowPageTraceBehavior [ RunTime:0.001089s ]
INFO: [ app_end ] --END-- [ RunTime:0.001215s ]

[ 2016-07-08T14:06:15+08:00 ] 127.0.0.1 /wgqproject/index.php/Backend/Public/search.html?name=%E5%8F%8D%E5%8F%8D%E5%A4%8D%E5%A4%8D
INFO: [ app_begin ] --START--
INFO: Run Behavior\ReadHtmlCacheBehavior [ RunTime:0.000634s ]
INFO: [ app_begin ] --END-- [ RunTime:0.001122s ]
SQL: SHOW COLUMNS FROM `tp_user` [ RunTime:0.0043s ]
SQL: SELECT * FROM `tp_user` WHERE `username` = '反反复复' LIMIT 1   [ RunTime:0.0003s ]
INFO: [ app_end ] --START--
INFO: Run Behavior\ShowPageTraceBehavior [ RunTime:0.000784s ]
INFO: [ app_end ] --END-- [ RunTime:0.000851s ]

[ 2016-07-08T14:06:16+08:00 ] 127.0.0.1 /wgqproject/index.php/Backend/Public/search.html?name=%E5%8F%8D%E5%8F%8D%E5%A4%8D%E5%A4%8D
INFO: [ app_begin ] --START--
INFO: Run Behavior\ReadHtmlCacheBehavior [ RunTime:0.000715s ]
INFO: [ app_begin ] --END-- [ RunTime:0.001257s ]
SQL: SHOW COLUMNS FROM `tp_user` [ RunTime:0.0051s ]
SQL: SELECT * FROM `tp_user` WHERE `username` = '反反复复' LIMIT 1   [ RunTime:0.0005s ]
INFO: [ app_end ] --START--
INFO: Run Behavior\ShowPageTraceBehavior [ RunTime:0.000802s ]
INFO: [ app_end ] --END-- [ RunTime:0.000875s ]

[ 2016-07-08T14:06:16+08:00 ] 127.0.0.1 /wgqproject/index.php/Backend/Public/search.html?name=%E5%8F%8D%E5%8F%8D%E5%A4%8D%E5%A4%8D
INFO: [ app_begin ] --START--
INFO: Run Behavior\ReadHtmlCacheBehavior [ RunTime:0.000707s ]
INFO: [ app_begin ] --END-- [ RunTime:0.001273s ]
SQL: SHOW COLUMNS FROM `tp_user` [ RunTime:0.0048s ]
SQL: SELECT * FROM `tp_user` WHERE `username` = '反反复复' LIMIT 1   [ RunTime:0.0003s ]
INFO: [ app_end ] --START--
INFO: Run Behavior\ShowPageTraceBehavior [ RunTime:0.001044s ]
INFO: [ app_end ] --END-- [ RunTime:0.001156s ]

[ 2016-07-08T14:06:19+08:00 ] 127.0.0.1 /wgqproject/index.php/Backend/Public/search.html?name=%E5%8F%8D%E5%8F%8D%E5%A4%8D%E5%A4%8D
INFO: [ app_begin ] --START--
INFO: Run Behavior\ReadHtmlCacheBehavior [ RunTime:0.000625s ]
INFO: [ app_begin ] --END-- [ RunTime:0.001093s ]
SQL: SHOW COLUMNS FROM `tp_user` [ RunTime:0.0045s ]
SQL: SELECT * FROM `tp_user` WHERE `username` = '反反复复' LIMIT 1   [ RunTime:0.0004s ]
INFO: [ app_end ] --START--
INFO: Run Behavior\ShowPageTraceBehavior [ RunTime:0.001006s ]
INFO: [ app_end ] --END-- [ RunTime:0.001103s ]

[ 2016-07-08T14:06:21+08:00 ] 127.0.0.1 /wgqproject/index.php/Backend/Public/search.html?name=%E5%8F%8D%E5%8F%8D%E5%A4%8D%E5%A4%8D
INFO: [ app_begin ] --START--
INFO: Run Behavior\ReadHtmlCacheBehavior [ RunTime:0.000822s ]
INFO: [ app_begin ] --END-- [ RunTime:0.001415s ]
SQL: SHOW COLUMNS FROM `tp_user` [ RunTime:0.0052s ]
SQL: SELECT * FROM `tp_user` WHERE `username` = '反反复复' LIMIT 1   [ RunTime:0.0002s ]
INFO: [ app_end ] --START--
INFO: Run Behavior\ShowPageTraceBehavior [ RunTime:0.001032s ]
INFO: [ app_end ] --END-- [ RunTime:0.001178s ]

[ 2016-07-08T14:06:21+08:00 ] 127.0.0.1 /wgqproject/index.php/Backend/Public/search.html?name=%E5%8F%8D%E5%8F%8D%E5%A4%8D%E5%A4%8D
INFO: [ app_begin ] --START--
INFO: Run Behavior\ReadHtmlCacheBehavior [ RunTime:0.000659s ]
INFO: [ app_begin ] --END-- [ RunTime:0.001122s ]
SQL: SHOW COLUMNS FROM `tp_user` [ RunTime:0.0039s ]
SQL: SELECT * FROM `tp_user` WHERE `username` = '反反复复' LIMIT 1   [ RunTime:0.0010s ]
INFO: [ app_end ] --START--
INFO: Run Behavior\ShowPageTraceBehavior [ RunTime:0.000879s ]
INFO: [ app_end ] --END-- [ RunTime:0.000962s ]

[ 2016-07-08T14:06:49+08:00 ] 127.0.0.1 /wgqproject/index.php/Backend/Public/search.html?name=%E5%8F%8D%E5%8F%8D%E5%A4%8D%E5%A4%8D
INFO: [ app_begin ] --START--
INFO: Run Behavior\ReadHtmlCacheBehavior [ RunTime:0.001090s ]
INFO: [ app_begin ] --END-- [ RunTime:0.002395s ]
SQL: SHOW COLUMNS FROM `tp_user` [ RunTime:0.0069s ]
SQL: SELECT * FROM `tp_user` WHERE `username` = '反反复复' LIMIT 1   [ RunTime:0.0003s ]
INFO: [ app_end ] --START--
INFO: Run Behavior\ShowPageTraceBehavior [ RunTime:0.001055s ]
INFO: [ app_end ] --END-- [ RunTime:0.001161s ]

[ 2016-07-08T14:06:50+08:00 ] 127.0.0.1 /wgqproject/index.php/Backend/Public/search.html?name=%E5%8F%8D%E5%8F%8D%E5%A4%8D%E5%A4%8D
INFO: [ app_begin ] --START--
INFO: Run Behavior\ReadHtmlCacheBehavior [ RunTime:0.000957s ]
INFO: [ app_begin ] --END-- [ RunTime:0.001652s ]
SQL: SHOW COLUMNS FROM `tp_user` [ RunTime:0.0132s ]
SQL: SELECT * FROM `tp_user` WHERE `username` = '反反复复' LIMIT 1   [ RunTime:0.0013s ]
INFO: [ app_end ] --START--
INFO: Run Behavior\ShowPageTraceBehavior [ RunTime:0.001522s ]
INFO: [ app_end ] --END-- [ RunTime:0.001658s ]

[ 2016-07-08T14:06:54+08:00 ] 127.0.0.1 /wgqproject/index.php/Backend/Public/search.html?name=admin
INFO: [ app_begin ] --START--
INFO: Run Behavior\ReadHtmlCacheBehavior [ RunTime:0.000686s ]
INFO: [ app_begin ] --END-- [ RunTime:0.001195s ]
SQL: SHOW COLUMNS FROM `tp_user` [ RunTime:0.0044s ]
SQL: SELECT * FROM `tp_user` WHERE `username` = 'admin' LIMIT 1   [ RunTime:0.0005s ]
INFO: [ app_end ] --START--
INFO: Run Behavior\ShowPageTraceBehavior [ RunTime:0.000763s ]
INFO: [ app_end ] --END-- [ RunTime:0.000833s ]

[ 2016-07-08T14:06:56+08:00 ] 127.0.0.1 /wgqproject/index.php/Backend/Public/search.html?name=admin
INFO: [ app_begin ] --START--
INFO: Run Behavior\ReadHtmlCacheBehavior [ RunTime:0.000713s ]
INFO: [ app_begin ] --END-- [ RunTime:0.001420s ]
SQL: SHOW COLUMNS FROM `tp_user` [ RunTime:0.0040s ]
SQL: SELECT * FROM `tp_user` WHERE `username` = 'admin' LIMIT 1   [ RunTime:0.0015s ]
INFO: [ app_end ] --START--
INFO: Run Behavior\ShowPageTraceBehavior [ RunTime:0.001068s ]
INFO: [ app_end ] --END-- [ RunTime:0.001174s ]

[ 2016-07-08T14:06:57+08:00 ] 127.0.0.1 /wgqproject/index.php/Backend/Public/search.html?name=admin
INFO: [ app_begin ] --START--
INFO: Run Behavior\ReadHtmlCacheBehavior [ RunTime:0.000995s ]
INFO: [ app_begin ] --END-- [ RunTime:0.001656s ]
SQL: SHOW COLUMNS FROM `tp_user` [ RunTime:0.0053s ]
SQL: SELECT * FROM `tp_user` WHERE `username` = 'admin' LIMIT 1   [ RunTime:0.0002s ]
INFO: [ app_end ] --START--
INFO: Run Behavior\ShowPageTraceBehavior [ RunTime:0.000754s ]
INFO: [ app_end ] --END-- [ RunTime:0.000820s ]

[ 2016-07-08T14:07:08+08:00 ] 127.0.0.1 /wgqproject/index.php/Backend/Public/search.html?name=admin
INFO: [ app_begin ] --START--
INFO: Run Behavior\ReadHtmlCacheBehavior [ RunTime:0.000613s ]
INFO: [ app_begin ] --END-- [ RunTime:0.001075s ]
SQL: SHOW COLUMNS FROM `tp_user` [ RunTime:0.0073s ]
SQL: SELECT * FROM `tp_user` WHERE `username` = 'admin' LIMIT 1   [ RunTime:0.0020s ]
INFO: [ app_end ] --START--
INFO: Run Behavior\ShowPageTraceBehavior [ RunTime:0.001369s ]
INFO: [ app_end ] --END-- [ RunTime:0.001487s ]

[ 2016-07-08T14:07:13+08:00 ] 127.0.0.1 /wgqproject/index.php/Backend/Public/search.html?name=%E5%A5%8B%E6%96%97%E5%88%B0%E5%BA%95
INFO: [ app_begin ] --START--
INFO: Run Behavior\ReadHtmlCacheBehavior [ RunTime:0.000616s ]
INFO: [ app_begin ] --END-- [ RunTime:0.001072s ]
SQL: SHOW COLUMNS FROM `tp_user` [ RunTime:0.0047s ]
SQL: SELECT * FROM `tp_user` WHERE `username` = '奋斗到底' LIMIT 1   [ RunTime:0.0003s ]
INFO: [ app_end ] --START--
INFO: Run Behavior\ShowPageTraceBehavior [ RunTime:0.000757s ]
INFO: [ app_end ] --END-- [ RunTime:0.000821s ]

[ 2016-07-08T14:07:14+08:00 ] 127.0.0.1 /wgqproject/index.php/Backend/Public/search.html?name=%E5%A5%8B%E6%96%97%E5%88%B0%E5%BA%95
INFO: [ app_begin ] --START--
INFO: Run Behavior\ReadHtmlCacheBehavior [ RunTime:0.000597s ]
INFO: [ app_begin ] --END-- [ RunTime:0.001030s ]
SQL: SHOW COLUMNS FROM `tp_user` [ RunTime:0.0063s ]
SQL: SELECT * FROM `tp_user` WHERE `username` = '奋斗到底' LIMIT 1   [ RunTime:0.0004s ]
INFO: [ app_end ] --START--
INFO: Run Behavior\ShowPageTraceBehavior [ RunTime:0.001251s ]
INFO: [ app_end ] --END-- [ RunTime:0.002110s ]

[ 2016-07-08T14:07:15+08:00 ] 127.0.0.1 /wgqproject/index.php/Backend/Public/search.html?name=%E5%A5%8B%E6%96%97%E5%88%B0%E5%BA%95
INFO: [ app_begin ] --START--
INFO: Run Behavior\ReadHtmlCacheBehavior [ RunTime:0.001157s ]
INFO: [ app_begin ] --END-- [ RunTime:0.001685s ]
SQL: SHOW COLUMNS FROM `tp_user` [ RunTime:0.0038s ]
SQL: SELECT * FROM `tp_user` WHERE `username` = '奋斗到底' LIMIT 1   [ RunTime:0.0002s ]
INFO: [ app_end ] --START--
INFO: Run Behavior\ShowPageTraceBehavior [ RunTime:0.000779s ]
INFO: [ app_end ] --END-- [ RunTime:0.000871s ]

[ 2016-07-08T14:07:16+08:00 ] 127.0.0.1 /wgqproject/index.php/Backend/Public/search.html?name=%E5%A5%8B%E6%96%97%E5%88%B0%E5%BA%95
INFO: [ app_begin ] --START--
INFO: Run Behavior\ReadHtmlCacheBehavior [ RunTime:0.000948s ]
INFO: [ app_begin ] --END-- [ RunTime:0.001667s ]
SQL: SHOW COLUMNS FROM `tp_user` [ RunTime:0.0041s ]
SQL: SELECT * FROM `tp_user` WHERE `username` = '奋斗到底' LIMIT 1   [ RunTime:0.0002s ]
INFO: [ app_end ] --START--
INFO: Run Behavior\ShowPageTraceBehavior [ RunTime:0.000731s ]
INFO: [ app_end ] --END-- [ RunTime:0.000802s ]

[ 2016-07-08T14:07:16+08:00 ] 127.0.0.1 /wgqproject/index.php/Backend/Public/search.html?name=%E5%A5%8B%E6%96%97%E5%88%B0%E5%BA%95
INFO: [ app_begin ] --START--
INFO: Run Behavior\ReadHtmlCacheBehavior [ RunTime:0.000622s ]
INFO: [ app_begin ] --END-- [ RunTime:0.001129s ]
SQL: SHOW COLUMNS FROM `tp_user` [ RunTime:0.0041s ]
SQL: SELECT * FROM `tp_user` WHERE `username` = '奋斗到底' LIMIT 1   [ RunTime:0.0004s ]
INFO: [ app_end ] --START--
INFO: Run Behavior\ShowPageTraceBehavior [ RunTime:0.001575s ]
INFO: [ app_end ] --END-- [ RunTime:0.001695s ]

[ 2016-07-08T14:07:29+08:00 ] 127.0.0.1 /wgqproject/index.php/Backend/Public/search.html?name=%E5%A5%8B%E6%96%97%E5%88%B0%E5%BA%95
INFO: [ app_begin ] --START--
INFO: Run Behavior\ReadHtmlCacheBehavior [ RunTime:0.000902s ]
INFO: [ app_begin ] --END-- [ RunTime:0.001555s ]
SQL: SHOW COLUMNS FROM `tp_user` [ RunTime:0.0073s ]
SQL: SELECT * FROM `tp_user` WHERE `username` = '奋斗到底' LIMIT 1   [ RunTime:0.0005s ]
INFO: [ app_end ] --START--
INFO: Run Behavior\ShowPageTraceBehavior [ RunTime:0.001090s ]
INFO: [ app_end ] --END-- [ RunTime:0.001190s ]

[ 2016-07-08T14:07:30+08:00 ] 127.0.0.1 /wgqproject/index.php/Backend/Public/search.html?name=%E5%A5%8B%E6%96%97%E5%88%B0%E5%BA%95
INFO: [ app_begin ] --START--
INFO: Run Behavior\ReadHtmlCacheBehavior [ RunTime:0.000702s ]
INFO: [ app_begin ] --END-- [ RunTime:0.001221s ]
SQL: SHOW COLUMNS FROM `tp_user` [ RunTime:0.0066s ]
SQL: SELECT * FROM `tp_user` WHERE `username` = '奋斗到底' LIMIT 1   [ RunTime:0.0007s ]
INFO: [ app_end ] --START--
INFO: Run Behavior\ShowPageTraceBehavior [ RunTime:0.001567s ]
INFO: [ app_end ] --END-- [ RunTime:0.001708s ]

[ 2016-07-08T14:07:30+08:00 ] 127.0.0.1 /wgqproject/index.php/Backend/Public/search.html?name=%E5%A5%8B%E6%96%97%E5%88%B0%E5%BA%95
INFO: [ app_begin ] --START--
INFO: Run Behavior\ReadHtmlCacheBehavior [ RunTime:0.000687s ]
INFO: [ app_begin ] --END-- [ RunTime:0.001192s ]
SQL: SHOW COLUMNS FROM `tp_user` [ RunTime:0.0046s ]
SQL: SELECT * FROM `tp_user` WHERE `username` = '奋斗到底' LIMIT 1   [ RunTime:0.0003s ]
INFO: [ app_end ] --START--
INFO: Run Behavior\ShowPageTraceBehavior [ RunTime:0.000811s ]
INFO: [ app_end ] --END-- [ RunTime:0.000882s ]

[ 2016-07-08T14:07:31+08:00 ] 127.0.0.1 /wgqproject/index.php/Backend/Public/search.html?name=%E5%A5%8B%E6%96%97%E5%88%B0%E5%BA%95
INFO: [ app_begin ] --START--
INFO: Run Behavior\ReadHtmlCacheBehavior [ RunTime:0.001182s ]
INFO: [ app_begin ] --END-- [ RunTime:0.001780s ]
SQL: SHOW COLUMNS FROM `tp_user` [ RunTime:0.0068s ]
SQL: SELECT * FROM `tp_user` WHERE `username` = '奋斗到底' LIMIT 1   [ RunTime:0.0007s ]
INFO: [ app_end ] --START--
INFO: Run Behavior\ShowPageTraceBehavior [ RunTime:0.001279s ]
INFO: [ app_end ] --END-- [ RunTime:0.001409s ]

[ 2016-07-08T14:07:32+08:00 ] 127.0.0.1 /wgqproject/index.php/Backend/Public/search.html?name=%E5%A5%8B%E6%96%97%E5%88%B0%E5%BA%95
INFO: [ app_begin ] --START--
INFO: Run Behavior\ReadHtmlCacheBehavior [ RunTime:0.000681s ]
INFO: [ app_begin ] --END-- [ RunTime:0.001460s ]
SQL: SHOW COLUMNS FROM `tp_user` [ RunTime:0.0065s ]
SQL: SELECT * FROM `tp_user` WHERE `username` = '奋斗到底' LIMIT 1   [ RunTime:0.0002s ]
INFO: [ app_end ] --START--
INFO: Run Behavior\ShowPageTraceBehavior [ RunTime:0.000725s ]
INFO: [ app_end ] --END-- [ RunTime:0.000791s ]

[ 2016-07-08T14:12:24+08:00 ] 127.0.0.1 /wgqproject/index.php/Backend/Public/search.html?name=%E5%A5%8B%E6%96%97%E5%88%B0%E5%BA%95
INFO: [ app_begin ] --START--
INFO: Run Behavior\ReadHtmlCacheBehavior [ RunTime:0.000926s ]
INFO: [ app_begin ] --END-- [ RunTime:0.001669s ]
SQL: SHOW COLUMNS FROM `tp_user` [ RunTime:0.0054s ]
SQL: SELECT * FROM `tp_user` WHERE `username` = '奋斗到底' LIMIT 1   [ RunTime:0.0006s ]
INFO: [ app_end ] --START--
INFO: Run Behavior\ShowPageTraceBehavior [ RunTime:0.001078s ]
INFO: [ app_end ] --END-- [ RunTime:0.001189s ]

[ 2016-07-08T14:12:29+08:00 ] 127.0.0.1 /wgqproject/index.php/Backend/Public/search.html?name=admin
INFO: [ app_begin ] --START--
INFO: Run Behavior\ReadHtmlCacheBehavior [ RunTime:0.000624s ]
INFO: [ app_begin ] --END-- [ RunTime:0.001052s ]
SQL: SHOW COLUMNS FROM `tp_user` [ RunTime:0.0056s ]
SQL: SELECT * FROM `tp_user` WHERE `username` = 'admin' LIMIT 1   [ RunTime:0.0002s ]
INFO: [ app_end ] --START--
INFO: Run Behavior\ShowPageTraceBehavior [ RunTime:0.000754s ]
INFO: [ app_end ] --END-- [ RunTime:0.000819s ]

[ 2016-07-08T14:19:02+08:00 ] 127.0.0.1 /wgqproject/index.php/backend/public/search.html
INFO: [ app_begin ] --START--
INFO: Run Behavior\ReadHtmlCacheBehavior [ RunTime:0.000885s ]
INFO: [ app_begin ] --END-- [ RunTime:0.001560s ]
SQL: SHOW COLUMNS FROM `tp_user` [ RunTime:0.0057s ]
SQL: SELECT * FROM `tp_user` WHERE `username` = '' LIMIT 1   [ RunTime:0.0004s ]
INFO: [ app_end ] --START--
INFO: Run Behavior\ShowPageTraceBehavior [ RunTime:0.001262s ]
INFO: [ app_end ] --END-- [ RunTime:0.001362s ]

[ 2016-07-08T14:19:09+08:00 ] 127.0.0.1 /wgqproject/index.php/Backend/Public/search.html?name=admin
INFO: [ app_begin ] --START--
INFO: Run Behavior\ReadHtmlCacheBehavior [ RunTime:0.000717s ]
INFO: [ app_begin ] --END-- [ RunTime:0.001214s ]
SQL: SHOW COLUMNS FROM `tp_user` [ RunTime:0.0040s ]
SQL: SELECT * FROM `tp_user` WHERE `username` = 'admin' LIMIT 1   [ RunTime:0.0002s ]
INFO: [ app_end ] --START--
INFO: Run Behavior\ShowPageTraceBehavior [ RunTime:0.000789s ]
INFO: [ app_end ] --END-- [ RunTime:0.000854s ]

[ 2016-07-08T14:19:52+08:00 ] 127.0.0.1 /wgqproject/index.php/Backend/Public/search.html?name=admin
INFO: [ app_begin ] --START--
INFO: Run Behavior\ReadHtmlCacheBehavior [ RunTime:0.000769s ]
INFO: [ app_begin ] --END-- [ RunTime:0.001390s ]
SQL: SHOW COLUMNS FROM `tp_user` [ RunTime:0.0074s ]
SQL: SELECT * FROM `tp_user` WHERE `username` = 'admin' LIMIT 1   [ RunTime:0.0011s ]
INFO: [ app_end ] --START--
INFO: Run Behavior\ShowPageTraceBehavior [ RunTime:0.001452s ]
INFO: [ app_end ] --END-- [ RunTime:0.001579s ]

[ 2016-07-08T14:25:25+08:00 ] 127.0.0.1 /wgqproject/index.php/Backend/Public/search.html?name=
INFO: [ app_begin ] --START--
INFO: Run Behavior\ReadHtmlCacheBehavior [ RunTime:0.000661s ]
INFO: [ app_begin ] --END-- [ RunTime:0.001145s ]
SQL: SHOW COLUMNS FROM `tp_user` [ RunTime:0.0050s ]
SQL: SELECT * FROM `tp_user` WHERE `username` = '' LIMIT 1   [ RunTime:0.0003s ]
INFO: [ app_end ] --START--
INFO: Run Behavior\ShowPageTraceBehavior [ RunTime:0.000783s ]
INFO: [ app_end ] --END-- [ RunTime:0.000850s ]

[ 2016-07-08T14:27:40+08:00 ] 127.0.0.1 /wgqproject/index.php/Backend/Public/search.html?name=admin
INFO: [ app_begin ] --START--
INFO: Run Behavior\ReadHtmlCacheBehavior [ RunTime:0.001085s ]
INFO: [ app_begin ] --END-- [ RunTime:0.001928s ]
SQL: SHOW COLUMNS FROM `tp_user` [ RunTime:0.0056s ]
SQL: SELECT * FROM `tp_user` WHERE `username` = 'admin' LIMIT 1   [ RunTime:0.0002s ]
INFO: [ app_end ] --START--
INFO: Run Behavior\ShowPageTraceBehavior [ RunTime:0.000836s ]
INFO: [ app_end ] --END-- [ RunTime:0.000907s ]

[ 2016-07-08T14:33:01+08:00 ] 127.0.0.1 /wgqproject/index.php/Backend/Public/search.html?name=admin
INFO: [ app_begin ] --START--
INFO: Run Behavior\ReadHtmlCacheBehavior [ RunTime:0.000596s ]
INFO: [ app_begin ] --END-- [ RunTime:0.001038s ]
SQL: SHOW COLUMNS FROM `tp_user` [ RunTime:0.0062s ]
SQL: SELECT * FROM `tp_user` WHERE `username` = 'admin' LIMIT 1   [ RunTime:0.0003s ]
INFO: [ app_end ] --START--
INFO: Run Behavior\ShowPageTraceBehavior [ RunTime:0.000994s ]
INFO: [ app_end ] --END-- [ RunTime:0.001095s ]

[ 2016-07-08T14:33:09+08:00 ] 127.0.0.1 /wgqproject/index.php/Backend/Index/index.html
ERR: 无法加载控制器:Index

